CRITICAL - 2022-12-20 02:40:15 --> Invalid file: dashboard.php
in SYSTEMPATH\Exceptions\FrameworkException.php on line 33.
 1 SYSTEMPATH\View\View.php(201): CodeIgniter\Exceptions\FrameworkException::forInvalidFile('dashboard.php')
 2 SYSTEMPATH\Common.php(1134): CodeIgniter\View\View->render('dashboard', [], true)
 3 APPPATH\Controllers\Home.php(9): view('dashboard')
 4 SYSTEMPATH\CodeIgniter.php(927): App\Controllers\Home->index()
 5 SYSTEMPATH\CodeIgniter.php(482): CodeIgniter\CodeIgniter->runController(Object(App\Controllers\Home))
 6 SYSTEMPATH\CodeIgniter.php(351): CodeIgniter\CodeIgniter->handleRequest(null, Object(Config\Cache), false)
 7 FCPATH\index.php(67): CodeIgniter\CodeIgniter->run()
 8 SYSTEMPATH\Commands\Server\rewrite.php(46): require_once('FCPATH\\index.php')
CRITICAL - 2022-12-20 02:50:00 --> Undefined variable $controller
in APPPATH\Views\pages\dashboard.php on line 141.
 1 APPPATH\Views\pages\dashboard.php(141): CodeIgniter\Debug\Exceptions->errorHandler(2, 'Undefined variable $controller', 'APPPATH\\Views\\pages\\dashboard.php', 141)
 2 SYSTEMPATH\View\View.php(213): include('APPPATH\\Views\\pages\\dashboard.php')
 3 SYSTEMPATH\View\View.php(216): CodeIgniter\View\View->CodeIgniter\View\{closure}()
 4 SYSTEMPATH\Common.php(1134): CodeIgniter\View\View->render('pages/dashboard', [], true)
 5 APPPATH\Controllers\Home.php(9): view('pages/dashboard')
 6 SYSTEMPATH\CodeIgniter.php(927): App\Controllers\Home->index()
 7 SYSTEMPATH\CodeIgniter.php(482): CodeIgniter\CodeIgniter->runController(Object(App\Controllers\Home))
 8 SYSTEMPATH\CodeIgniter.php(351): CodeIgniter\CodeIgniter->handleRequest(null, Object(Config\Cache), false)
 9 FCPATH\index.php(67): CodeIgniter\CodeIgniter->run()
10 SYSTEMPATH\Commands\Server\rewrite.php(46): require_once('FCPATH\\index.php')
CRITICAL - 2022-12-20 02:50:26 --> Undefined variable $controller
in APPPATH\Views\pages\dashboard.php on line 141.
 1 APPPATH\Views\pages\dashboard.php(141): CodeIgniter\Debug\Exceptions->errorHandler(2, 'Undefined variable $controller', 'APPPATH\\Views\\pages\\dashboard.php', 141)
 2 SYSTEMPATH\View\View.php(213): include('APPPATH\\Views\\pages\\dashboard.php')
 3 SYSTEMPATH\View\View.php(216): CodeIgniter\View\View->CodeIgniter\View\{closure}()
 4 SYSTEMPATH\Common.php(1134): CodeIgniter\View\View->render('pages/dashboard', [], true)
 5 APPPATH\Controllers\Home.php(9): view('pages/dashboard')
 6 SYSTEMPATH\CodeIgniter.php(927): App\Controllers\Home->index()
 7 SYSTEMPATH\CodeIgniter.php(482): CodeIgniter\CodeIgniter->runController(Object(App\Controllers\Home))
 8 SYSTEMPATH\CodeIgniter.php(351): CodeIgniter\CodeIgniter->handleRequest(null, Object(Config\Cache), false)
 9 FCPATH\index.php(67): CodeIgniter\CodeIgniter->run()
CRITICAL - 2022-12-20 02:50:36 --> Undefined variable $controller
in APPPATH\Views\pages\dashboard.php on line 141.
 1 APPPATH\Views\pages\dashboard.php(141): CodeIgniter\Debug\Exceptions->errorHandler(2, 'Undefined variable $controller', 'APPPATH\\Views\\pages\\dashboard.php', 141)
 2 SYSTEMPATH\View\View.php(213): include('APPPATH\\Views\\pages\\dashboard.php')
 3 SYSTEMPATH\View\View.php(216): CodeIgniter\View\View->CodeIgniter\View\{closure}()
 4 SYSTEMPATH\Common.php(1134): CodeIgniter\View\View->render('pages/dashboard', [], true)
 5 APPPATH\Controllers\Home.php(9): view('pages/dashboard')
 6 SYSTEMPATH\CodeIgniter.php(927): App\Controllers\Home->index()
 7 SYSTEMPATH\CodeIgniter.php(482): CodeIgniter\CodeIgniter->runController(Object(App\Controllers\Home))
 8 SYSTEMPATH\CodeIgniter.php(351): CodeIgniter\CodeIgniter->handleRequest(null, Object(Config\Cache), false)
 9 FCPATH\index.php(67): CodeIgniter\CodeIgniter->run()
CRITICAL - 2022-12-20 03:04:06 --> Invalid file: layout/master.php
in SYSTEMPATH\Exceptions\FrameworkException.php on line 33.
 1 SYSTEMPATH\View\View.php(201): CodeIgniter\Exceptions\FrameworkException::forInvalidFile('layout/master.php')
 2 SYSTEMPATH\View\View.php(229): CodeIgniter\View\View->render('layout/master', [], true)
 3 SYSTEMPATH\Common.php(1134): CodeIgniter\View\View->render('pages/dashboard', [], true)
 4 APPPATH\Controllers\Dashboard.php(30): view('pages/dashboard', [...])
 5 SYSTEMPATH\CodeIgniter.php(927): App\Controllers\Dashboard->index()
 6 SYSTEMPATH\CodeIgniter.php(482): CodeIgniter\CodeIgniter->runController(Object(App\Controllers\Dashboard))
 7 SYSTEMPATH\CodeIgniter.php(351): CodeIgniter\CodeIgniter->handleRequest(null, Object(Config\Cache), false)
 8 FCPATH\index.php(67): CodeIgniter\CodeIgniter->run()
 9 SYSTEMPATH\Commands\Server\rewrite.php(46): require_once('FCPATH\\index.php')
CRITICAL - 2022-12-20 03:04:06 --> Invalid file: layout/master.php
in SYSTEMPATH\Exceptions\FrameworkException.php on line 33.
 1 SYSTEMPATH\View\View.php(201): CodeIgniter\Exceptions\FrameworkException::forInvalidFile('layout/master.php')
 2 SYSTEMPATH\View\View.php(229): CodeIgniter\View\View->render('layout/master', [], true)
 3 SYSTEMPATH\Common.php(1134): CodeIgniter\View\View->render('pages/dashboard', [], true)
 4 APPPATH\Controllers\Dashboard.php(30): view('pages/dashboard', [...])
 5 SYSTEMPATH\CodeIgniter.php(927): App\Controllers\Dashboard->index()
 6 SYSTEMPATH\CodeIgniter.php(482): CodeIgniter\CodeIgniter->runController(Object(App\Controllers\Dashboard))
 7 SYSTEMPATH\CodeIgniter.php(351): CodeIgniter\CodeIgniter->handleRequest(null, Object(Config\Cache), false)
 8 FCPATH\index.php(67): CodeIgniter\CodeIgniter->run()
 9 SYSTEMPATH\Commands\Server\rewrite.php(46): require_once('FCPATH\\index.php')
ERROR - 2022-12-20 03:35:27 --> Error connecting to the database: mysqli_sql_exception: Access denied for user 'root'@'localhost' (using password: YES) in D:\XAMPP\htdocs\aplic-dashboard\system\Database\MySQLi\Connection.php:171
Stack trace:
#0 D:\XAMPP\htdocs\aplic-dashboard\system\Database\MySQLi\Connection.php(171): mysqli->real_connect('localhost', 'root', 'root', 'ci4', 3306, '', 0)
#1 D:\XAMPP\htdocs\aplic-dashboard\system\Database\BaseConnection.php(382): CodeIgniter\Database\MySQLi\Connection->connect(false)
#2 D:\XAMPP\htdocs\aplic-dashboard\system\Database\BaseConnection.php(561): CodeIgniter\Database\BaseConnection->initialize()
#3 D:\XAMPP\htdocs\aplic-dashboard\system\Database\BaseBuilder.php(1585): CodeIgniter\Database\BaseConnection->query('SELECT *\nFROM `...', Array, false)
#4 D:\XAMPP\htdocs\aplic-dashboard\system\Model.php(223): CodeIgniter\Database\BaseBuilder->get()
#5 D:\XAMPP\htdocs\aplic-dashboard\system\BaseModel.php(585): CodeIgniter\Model->doFindAll(0, 0)
#6 D:\XAMPP\htdocs\aplic-dashboard\app\Controllers\Dashboard.php(28): CodeIgniter\BaseModel->findAll()
#7 D:\XAMPP\htdocs\aplic-dashboard\system\CodeIgniter.php(927): App\Controllers\Dashboard->index()
#8 D:\XAMPP\htdocs\aplic-dashboard\system\CodeIgniter.php(482): CodeIgniter\CodeIgniter->runController(Object(App\Controllers\Dashboard))
#9 D:\XAMPP\htdocs\aplic-dashboard\system\CodeIgniter.php(351): CodeIgniter\CodeIgniter->handleRequest(NULL, Object(Config\Cache), false)
#10 D:\XAMPP\htdocs\aplic-dashboard\public\index.php(67): CodeIgniter\CodeIgniter->run()
#11 D:\XAMPP\htdocs\aplic-dashboard\system\Commands\Server\rewrite.php(46): require_once('D:\\XAMPP\\htdocs...')
#12 {main}

Next CodeIgniter\Database\Exceptions\DatabaseException: Access denied for user '****'@'localhost' (using password: YES) in D:\XAMPP\htdocs\aplic-dashboard\system\Database\MySQLi\Connection.php:215
Stack trace:
#0 D:\XAMPP\htdocs\aplic-dashboard\system\Database\BaseConnection.php(382): CodeIgniter\Database\MySQLi\Connection->connect(false)
#1 D:\XAMPP\htdocs\aplic-dashboard\system\Database\BaseConnection.php(561): CodeIgniter\Database\BaseConnection->initialize()
#2 D:\XAMPP\htdocs\aplic-dashboard\system\Database\BaseBuilder.php(1585): CodeIgniter\Database\BaseConnection->query('SELECT *\nFROM `...', Array, false)
#3 D:\XAMPP\htdocs\aplic-dashboard\system\Model.php(223): CodeIgniter\Database\BaseBuilder->get()
#4 D:\XAMPP\htdocs\aplic-dashboard\system\BaseModel.php(585): CodeIgniter\Model->doFindAll(0, 0)
#5 D:\XAMPP\htdocs\aplic-dashboard\app\Controllers\Dashboard.php(28): CodeIgniter\BaseModel->findAll()
#6 D:\XAMPP\htdocs\aplic-dashboard\system\CodeIgniter.php(927): App\Controllers\Dashboard->index()
#7 D:\XAMPP\htdocs\aplic-dashboard\system\CodeIgniter.php(482): CodeIgniter\CodeIgniter->runController(Object(App\Controllers\Dashboard))
#8 D:\XAMPP\htdocs\aplic-dashboard\system\CodeIgniter.php(351): CodeIgniter\CodeIgniter->handleRequest(NULL, Object(Config\Cache), false)
#9 D:\XAMPP\htdocs\aplic-dashboard\public\index.php(67): CodeIgniter\CodeIgniter->run()
#10 D:\XAMPP\htdocs\aplic-dashboard\system\Commands\Server\rewrite.php(46): require_once('D:\\XAMPP\\htdocs...')
#11 {main}
CRITICAL - 2022-12-20 03:35:27 --> Unable to connect to the database.
Main connection [MySQLi]: Access denied for user '****'@'localhost' (using password: YES)
in SYSTEMPATH\Database\BaseConnection.php on line 418.
 1 SYSTEMPATH\Database\BaseConnection.php(561): CodeIgniter\Database\BaseConnection->initialize()
 2 SYSTEMPATH\Database\BaseBuilder.php(1585): CodeIgniter\Database\BaseConnection->query('SELECT *
FROM `employee`', [], false)
 3 SYSTEMPATH\Model.php(223): CodeIgniter\Database\BaseBuilder->get()
 4 SYSTEMPATH\BaseModel.php(585): CodeIgniter\Model->doFindAll(0, 0)
 5 APPPATH\Controllers\Dashboard.php(28): CodeIgniter\BaseModel->findAll()
 6 SYSTEMPATH\CodeIgniter.php(927): App\Controllers\Dashboard->index()
 7 SYSTEMPATH\CodeIgniter.php(482): CodeIgniter\CodeIgniter->runController(Object(App\Controllers\Dashboard))
 8 SYSTEMPATH\CodeIgniter.php(351): CodeIgniter\CodeIgniter->handleRequest(null, Object(Config\Cache), false)
 9 FCPATH\index.php(67): CodeIgniter\CodeIgniter->run()
10 SYSTEMPATH\Commands\Server\rewrite.php(46): require_once('FCPATH\\index.php')
