<<<<<<< HEAD
CRITICAL - 2023-01-10 19:05:40 --> Undefined variable $first
in APPPATH\Views\pages\user.php on line 9.
 1 APPPATH\Views\pages\user.php(9): CodeIgniter\Debug\Exceptions->errorHandler(2, 'Undefined variable $first', 'APPPATH\\Views\\pages\\user.php', 9)
 2 SYSTEMPATH\View\View.php(213): include('APPPATH\\Views\\pages\\user.php')
 3 SYSTEMPATH\View\View.php(216): CodeIgniter\View\View->CodeIgniter\View\{closure}()
 4 SYSTEMPATH\Common.php(1134): CodeIgniter\View\View->render('pages/user', [], true)
 5 APPPATH\Controllers\User.php(30): view('pages/user', [...])
 6 SYSTEMPATH\CodeIgniter.php(927): App\Controllers\User->index()
 7 SYSTEMPATH\CodeIgniter.php(482): CodeIgniter\CodeIgniter->runController(Object(App\Controllers\User))
 8 SYSTEMPATH\CodeIgniter.php(351): CodeIgniter\CodeIgniter->handleRequest(null, Object(Config\Cache), false)
 9 FCPATH\index.php(67): CodeIgniter\CodeIgniter->run()
10 SYSTEMPATH\Commands\Server\rewrite.php(46): require_once('FCPATH\\index.php')
=======
CRITICAL - 2023-01-10 05:01:19 --> Invalid file: menu.php
in SYSTEMPATH\Exceptions\FrameworkException.php on line 33.
 1 SYSTEMPATH\View\View.php(201): CodeIgniter\Exceptions\FrameworkException::forInvalidFile('menu.php')
 2 SYSTEMPATH\Common.php(1134): CodeIgniter\View\View->render('menu', [], true)
 3 APPPATH\Controllers\Menu.php(31): view('menu', [...])
 4 SYSTEMPATH\CodeIgniter.php(927): App\Controllers\Menu->index()
 5 SYSTEMPATH\CodeIgniter.php(482): CodeIgniter\CodeIgniter->runController(Object(App\Controllers\Menu))
 6 SYSTEMPATH\CodeIgniter.php(351): CodeIgniter\CodeIgniter->handleRequest(null, Object(Config\Cache), false)
 7 FCPATH\index.php(67): CodeIgniter\CodeIgniter->run()
 8 SYSTEMPATH\Commands\Server\rewrite.php(46): require_once('FCPATH\\index.php')
CRITICAL - 2023-01-10 05:01:24 --> Invalid file: menu.php
in SYSTEMPATH\Exceptions\FrameworkException.php on line 33.
 1 SYSTEMPATH\View\View.php(201): CodeIgniter\Exceptions\FrameworkException::forInvalidFile('menu.php')
 2 SYSTEMPATH\Common.php(1134): CodeIgniter\View\View->render('menu', [], true)
 3 APPPATH\Controllers\Menu.php(31): view('menu', [...])
 4 SYSTEMPATH\CodeIgniter.php(927): App\Controllers\Menu->index()
 5 SYSTEMPATH\CodeIgniter.php(482): CodeIgniter\CodeIgniter->runController(Object(App\Controllers\Menu))
 6 SYSTEMPATH\CodeIgniter.php(351): CodeIgniter\CodeIgniter->handleRequest(null, Object(Config\Cache), false)
 7 FCPATH\index.php(67): CodeIgniter\CodeIgniter->run()
 8 SYSTEMPATH\Commands\Server\rewrite.php(46): require_once('FCPATH\\index.php')
ERROR - 2023-01-10 05:03:12 --> mysqli_sql_exception: Duplicate entry '' for key 'PRIMARY' in D:\xampp\htdocs\aplic-dashboard-ci4-master\system\Database\MySQLi\Connection.php:292
Stack trace:
#0 D:\xampp\htdocs\aplic-dashboard-ci4-master\system\Database\MySQLi\Connection.php(292): mysqli->query('INSERT INTO `me...', 0)
#1 D:\xampp\htdocs\aplic-dashboard-ci4-master\system\Database\BaseConnection.php(666): CodeIgniter\Database\MySQLi\Connection->execute('INSERT INTO `me...')
#2 D:\xampp\htdocs\aplic-dashboard-ci4-master\system\Database\BaseConnection.php(593): CodeIgniter\Database\BaseConnection->simpleQuery('INSERT INTO `me...')
#3 D:\xampp\htdocs\aplic-dashboard-ci4-master\system\Database\BaseBuilder.php(1916): CodeIgniter\Database\BaseConnection->query('INSERT INTO `me...', Array, false)
#4 D:\xampp\htdocs\aplic-dashboard-ci4-master\system\Model.php(279): CodeIgniter\Database\BaseBuilder->insert()
#5 D:\xampp\htdocs\aplic-dashboard-ci4-master\system\BaseModel.php(749): CodeIgniter\Model->doInsert(Array)
#6 D:\xampp\htdocs\aplic-dashboard-ci4-master\system\Model.php(667): CodeIgniter\BaseModel->insert(Array, true)
#7 D:\xampp\htdocs\aplic-dashboard-ci4-master\app\Controllers\Menu.php(120): CodeIgniter\Model->insert(Array)
#8 D:\xampp\htdocs\aplic-dashboard-ci4-master\system\CodeIgniter.php(927): App\Controllers\Menu->add()
#9 D:\xampp\htdocs\aplic-dashboard-ci4-master\system\CodeIgniter.php(482): CodeIgniter\CodeIgniter->runController(Object(App\Controllers\Menu))
#10 D:\xampp\htdocs\aplic-dashboard-ci4-master\system\CodeIgniter.php(351): CodeIgniter\CodeIgniter->handleRequest(NULL, Object(Config\Cache), false)
#11 D:\xampp\htdocs\aplic-dashboard-ci4-master\public\index.php(67): CodeIgniter\CodeIgniter->run()
#12 D:\xampp\htdocs\aplic-dashboard-ci4-master\system\Commands\Server\rewrite.php(46): require_once('D:\\xampp\\htdocs...')
#13 {main}
CRITICAL - 2023-01-10 05:03:12 --> Duplicate entry '' for key 'PRIMARY'
in SYSTEMPATH\Database\MySQLi\Connection.php on line 292.
 1 SYSTEMPATH\Database\MySQLi\Connection.php(292): mysqli->query('INSERT INTO `menu` (`menu_name`, `menu_order`, `menu_link`, `menu_title`, `menu_keyword`, `menu_desc`, `menu_status`) VALUES (\'User\', \'9\', \'User\', \'User\', \'User\', \'User\', \'Active\')', 0)
 2 SYSTEMPATH\Database\BaseConnection.php(666): CodeIgniter\Database\MySQLi\Connection->execute('INSERT INTO `menu` (`menu_name`, `menu_order`, `menu_link`, `menu_title`, `menu_keyword`, `menu_desc`, `menu_status`) VALUES (\'User\', \'9\', \'User\', \'User\', \'User\', \'User\', \'Active\')')
 3 SYSTEMPATH\Database\BaseConnection.php(593): CodeIgniter\Database\BaseConnection->simpleQuery('INSERT INTO `menu` (`menu_name`, `menu_order`, `menu_link`, `menu_title`, `menu_keyword`, `menu_desc`, `menu_status`) VALUES (\'User\', \'9\', \'User\', \'User\', \'User\', \'User\', \'Active\')')
 4 SYSTEMPATH\Database\BaseBuilder.php(1916): CodeIgniter\Database\BaseConnection->query('INSERT INTO `menu` (`menu_name`, `menu_order`, `menu_link`, `menu_title`, `menu_keyword`, `menu_desc`, `menu_status`) VALUES (:menu_name:, :menu_order:, :menu_link:, :menu_title:, :menu_keyword:, :menu_desc:, :menu_status:)', [...], false)
 5 SYSTEMPATH\Model.php(279): CodeIgniter\Database\BaseBuilder->insert()
 6 SYSTEMPATH\BaseModel.php(749): CodeIgniter\Model->doInsert([...])
 7 SYSTEMPATH\Model.php(667): CodeIgniter\BaseModel->insert([...], true)
 8 APPPATH\Controllers\Menu.php(120): CodeIgniter\Model->insert([...])
 9 SYSTEMPATH\CodeIgniter.php(927): App\Controllers\Menu->add()
10 SYSTEMPATH\CodeIgniter.php(482): CodeIgniter\CodeIgniter->runController(Object(App\Controllers\Menu))
11 SYSTEMPATH\CodeIgniter.php(351): CodeIgniter\CodeIgniter->handleRequest(null, Object(Config\Cache), false)
12 FCPATH\index.php(67): CodeIgniter\CodeIgniter->run()
13 SYSTEMPATH\Commands\Server\rewrite.php(46): require_once('FCPATH\\index.php')
CRITICAL - 2023-01-10 05:22:35 --> Unclosed '{' on line 92 does not match ')'
in APPPATH\Controllers\Menu.php on line 94.
 1 SYSTEMPATH\Autoloader\Autoloader.php(259): CodeIgniter\Autoloader\Autoloader->includeFile('APPPATH\\Controllers\\Menu.php')
 2 SYSTEMPATH\Autoloader\Autoloader.php(237): CodeIgniter\Autoloader\Autoloader->loadInNamespace('App\\Controllers\\Menu')
 3 [internal function]: CodeIgniter\Autoloader\Autoloader->loadClass('App\\Controllers\\Menu')
 4 SYSTEMPATH\CodeIgniter.php(877): class_exists('\\App\\Controllers\\Menu', true)
 5 SYSTEMPATH\CodeIgniter.php(469): CodeIgniter\CodeIgniter->startController()
 6 SYSTEMPATH\CodeIgniter.php(351): CodeIgniter\CodeIgniter->handleRequest(null, Object(Config\Cache), false)
 7 FCPATH\index.php(67): CodeIgniter\CodeIgniter->run()
 8 SYSTEMPATH\Commands\Server\rewrite.php(46): require_once('FCPATH\\index.php')
CRITICAL - 2023-01-10 05:22:55 --> Unclosed '{' on line 92 does not match ')'
in APPPATH\Controllers\Menu.php on line 94.
 1 SYSTEMPATH\Autoloader\Autoloader.php(259): CodeIgniter\Autoloader\Autoloader->includeFile('APPPATH\\Controllers\\Menu.php')
 2 SYSTEMPATH\Autoloader\Autoloader.php(237): CodeIgniter\Autoloader\Autoloader->loadInNamespace('App\\Controllers\\Menu')
 3 [internal function]: CodeIgniter\Autoloader\Autoloader->loadClass('App\\Controllers\\Menu')
 4 SYSTEMPATH\CodeIgniter.php(877): class_exists('\\App\\Controllers\\Menu', true)
 5 SYSTEMPATH\CodeIgniter.php(469): CodeIgniter\CodeIgniter->startController()
 6 SYSTEMPATH\CodeIgniter.php(351): CodeIgniter\CodeIgniter->handleRequest(null, Object(Config\Cache), false)
 7 FCPATH\index.php(67): CodeIgniter\CodeIgniter->run()
 8 SYSTEMPATH\Commands\Server\rewrite.php(46): require_once('FCPATH\\index.php')
ERROR - 2023-01-10 05:29:21 --> mysqli_sql_exception: Duplicate entry '6f6c34e700e41f3f6f245001b3979953' for key 'PRIMARY' in D:\xampp\htdocs\aplic-dashboard-ci4-master\system\Database\MySQLi\Connection.php:292
Stack trace:
#0 D:\xampp\htdocs\aplic-dashboard-ci4-master\system\Database\MySQLi\Connection.php(292): mysqli->query('INSERT INTO `me...', 0)
#1 D:\xampp\htdocs\aplic-dashboard-ci4-master\system\Database\BaseConnection.php(666): CodeIgniter\Database\MySQLi\Connection->execute('INSERT INTO `me...')
#2 D:\xampp\htdocs\aplic-dashboard-ci4-master\system\Database\BaseConnection.php(593): CodeIgniter\Database\BaseConnection->simpleQuery('INSERT INTO `me...')
#3 D:\xampp\htdocs\aplic-dashboard-ci4-master\system\Database\BaseBuilder.php(1916): CodeIgniter\Database\BaseConnection->query('INSERT INTO `me...', Array, false)
#4 D:\xampp\htdocs\aplic-dashboard-ci4-master\system\Model.php(279): CodeIgniter\Database\BaseBuilder->insert()
#5 D:\xampp\htdocs\aplic-dashboard-ci4-master\system\BaseModel.php(749): CodeIgniter\Model->doInsert(Array)
#6 D:\xampp\htdocs\aplic-dashboard-ci4-master\system\Model.php(667): CodeIgniter\BaseModel->insert(Array, true)
#7 D:\xampp\htdocs\aplic-dashboard-ci4-master\app\Controllers\Menu.php(123): CodeIgniter\Model->insert(Array)
#8 D:\xampp\htdocs\aplic-dashboard-ci4-master\system\CodeIgniter.php(927): App\Controllers\Menu->add()
#9 D:\xampp\htdocs\aplic-dashboard-ci4-master\system\CodeIgniter.php(482): CodeIgniter\CodeIgniter->runController(Object(App\Controllers\Menu))
#10 D:\xampp\htdocs\aplic-dashboard-ci4-master\system\CodeIgniter.php(351): CodeIgniter\CodeIgniter->handleRequest(NULL, Object(Config\Cache), false)
#11 D:\xampp\htdocs\aplic-dashboard-ci4-master\public\index.php(67): CodeIgniter\CodeIgniter->run()
#12 D:\xampp\htdocs\aplic-dashboard-ci4-master\system\Commands\Server\rewrite.php(46): require_once('D:\\xampp\\htdocs...')
#13 {main}
CRITICAL - 2023-01-10 05:29:21 --> Duplicate entry '6f6c34e700e41f3f6f245001b3979953' for key 'PRIMARY'
in SYSTEMPATH\Database\MySQLi\Connection.php on line 292.
 1 SYSTEMPATH\Database\MySQLi\Connection.php(292): mysqli->query('INSERT INTO `menu` (`menu_id`, `menu_name`, `menu_order`, `menu_link`, `menu_title`, `menu_keyword`, `menu_desc`, `menu_status`) VALUES (\'6f6c34e700e41f3f6f245001b3979953\', \'User\', \'2\', \'User\', \'User\', \'User\', \'User\', \'Active\')', 0)
 2 SYSTEMPATH\Database\BaseConnection.php(666): CodeIgniter\Database\MySQLi\Connection->execute('INSERT INTO `menu` (`menu_id`, `menu_name`, `menu_order`, `menu_link`, `menu_title`, `menu_keyword`, `menu_desc`, `menu_status`) VALUES (\'6f6c34e700e41f3f6f245001b3979953\', \'User\', \'2\', \'User\', \'User\', \'User\', \'User\', \'Active\')')
 3 SYSTEMPATH\Database\BaseConnection.php(593): CodeIgniter\Database\BaseConnection->simpleQuery('INSERT INTO `menu` (`menu_id`, `menu_name`, `menu_order`, `menu_link`, `menu_title`, `menu_keyword`, `menu_desc`, `menu_status`) VALUES (\'6f6c34e700e41f3f6f245001b3979953\', \'User\', \'2\', \'User\', \'User\', \'User\', \'User\', \'Active\')')
 4 SYSTEMPATH\Database\BaseBuilder.php(1916): CodeIgniter\Database\BaseConnection->query('INSERT INTO `menu` (`menu_id`, `menu_name`, `menu_order`, `menu_link`, `menu_title`, `menu_keyword`, `menu_desc`, `menu_status`) VALUES (:menu_id:, :menu_name:, :menu_order:, :menu_link:, :menu_title:, :menu_keyword:, :menu_desc:, :menu_status:)', [...], false)
 5 SYSTEMPATH\Model.php(279): CodeIgniter\Database\BaseBuilder->insert()
 6 SYSTEMPATH\BaseModel.php(749): CodeIgniter\Model->doInsert([...])
 7 SYSTEMPATH\Model.php(667): CodeIgniter\BaseModel->insert([...], true)
 8 APPPATH\Controllers\Menu.php(123): CodeIgniter\Model->insert([...])
 9 SYSTEMPATH\CodeIgniter.php(927): App\Controllers\Menu->add()
10 SYSTEMPATH\CodeIgniter.php(482): CodeIgniter\CodeIgniter->runController(Object(App\Controllers\Menu))
11 SYSTEMPATH\CodeIgniter.php(351): CodeIgniter\CodeIgniter->handleRequest(null, Object(Config\Cache), false)
12 FCPATH\index.php(67): CodeIgniter\CodeIgniter->run()
13 SYSTEMPATH\Commands\Server\rewrite.php(46): require_once('FCPATH\\index.php')
CRITICAL - 2023-01-10 05:38:03 --> Call to a member function order() on array
in APPPATH\Controllers\Menu.php on line 42.
 1 SYSTEMPATH\CodeIgniter.php(927): App\Controllers\Menu->getAll()
 2 SYSTEMPATH\CodeIgniter.php(482): CodeIgniter\CodeIgniter->runController(Object(App\Controllers\Menu))
 3 SYSTEMPATH\CodeIgniter.php(351): CodeIgniter\CodeIgniter->handleRequest(null, Object(Config\Cache), false)
 4 FCPATH\index.php(67): CodeIgniter\CodeIgniter->run()
 5 SYSTEMPATH\Commands\Server\rewrite.php(46): require_once('FCPATH\\index.php')
CRITICAL - 2023-01-10 05:38:25 --> Call to a member function order() on array
in APPPATH\Controllers\Menu.php on line 42.
 1 SYSTEMPATH\CodeIgniter.php(927): App\Controllers\Menu->getAll()
 2 SYSTEMPATH\CodeIgniter.php(482): CodeIgniter\CodeIgniter->runController(Object(App\Controllers\Menu))
 3 SYSTEMPATH\CodeIgniter.php(351): CodeIgniter\CodeIgniter->handleRequest(null, Object(Config\Cache), false)
 4 FCPATH\index.php(67): CodeIgniter\CodeIgniter->run()
 5 SYSTEMPATH\Commands\Server\rewrite.php(46): require_once('FCPATH\\index.php')
CRITICAL - 2023-01-10 05:39:18 --> Call to undefined method App\Models\MenuModel::order
in SYSTEMPATH\Model.php on line 774.
 1 APPPATH\Controllers\Menu.php(42): CodeIgniter\Model->__call('order', [])
 2 SYSTEMPATH\CodeIgniter.php(927): App\Controllers\Menu->getAll()
 3 SYSTEMPATH\CodeIgniter.php(482): CodeIgniter\CodeIgniter->runController(Object(App\Controllers\Menu))
 4 SYSTEMPATH\CodeIgniter.php(351): CodeIgniter\CodeIgniter->handleRequest(null, Object(Config\Cache), false)
 5 FCPATH\index.php(67): CodeIgniter\CodeIgniter->run()
 6 SYSTEMPATH\Commands\Server\rewrite.php(46): require_once('FCPATH\\index.php')
>>>>>>> deb943dcc3e8490e8e7f319d38bba3df556af2ef
