ERROR - 2023-01-02 00:55:00 --> mysqli_sql_exception: Duplicate entry '' for key 'PRIMARY' in D:\XAMPP\htdocs\aplic-dashboard\system\Database\MySQLi\Connection.php:292
Stack trace:
#0 D:\XAMPP\htdocs\aplic-dashboard\system\Database\MySQLi\Connection.php(292): mysqli->query('INSERT INTO `us...', 0)
#1 D:\XAMPP\htdocs\aplic-dashboard\system\Database\BaseConnection.php(666): CodeIgniter\Database\MySQLi\Connection->execute('INSERT INTO `us...')
#2 D:\XAMPP\htdocs\aplic-dashboard\system\Database\BaseConnection.php(593): CodeIgniter\Database\BaseConnection->simpleQuery('INSERT INTO `us...')
#3 D:\XAMPP\htdocs\aplic-dashboard\system\Database\BaseBuilder.php(1916): CodeIgniter\Database\BaseConnection->query('INSERT INTO `us...', Array, false)
#4 D:\XAMPP\htdocs\aplic-dashboard\system\Model.php(279): CodeIgniter\Database\BaseBuilder->insert()
#5 D:\XAMPP\htdocs\aplic-dashboard\system\BaseModel.php(749): CodeIgniter\Model->doInsert(Array)
#6 D:\XAMPP\htdocs\aplic-dashboard\system\Model.php(667): CodeIgniter\BaseModel->insert(Array, true)
#7 D:\XAMPP\htdocs\aplic-dashboard\app\Controllers\Dashboard.php(112): CodeIgniter\Model->insert(Array)
#8 D:\XAMPP\htdocs\aplic-dashboard\system\CodeIgniter.php(927): App\Controllers\Dashboard->add()
#9 D:\XAMPP\htdocs\aplic-dashboard\system\CodeIgniter.php(482): CodeIgniter\CodeIgniter->runController(Object(App\Controllers\Dashboard))
#10 D:\XAMPP\htdocs\aplic-dashboard\system\CodeIgniter.php(351): CodeIgniter\CodeIgniter->handleRequest(NULL, Object(Config\Cache), false)
#11 D:\XAMPP\htdocs\aplic-dashboard\public\index.php(67): CodeIgniter\CodeIgniter->run()
#12 D:\XAMPP\htdocs\aplic-dashboard\system\Commands\Server\rewrite.php(46): require_once('D:\\XAMPP\\htdocs...')
#13 {main}
CRITICAL - 2023-01-02 00:55:00 --> Duplicate entry '' for key 'PRIMARY'
in SYSTEMPATH\Database\MySQLi\Connection.php on line 292.
 1 SYSTEMPATH\Database\MySQLi\Connection.php(292): mysqli->query('INSERT INTO `user` (`user_name`, `user_email`, `user_password`, `user_date`, `user_phone`, `user_address`, `user_type`, `user_status`) VALUES (NULL, NULL, NULL, NULL, NULL, NULL, NULL, NULL)', 0)
 2 SYSTEMPATH\Database\BaseConnection.php(666): CodeIgniter\Database\MySQLi\Connection->execute('INSERT INTO `user` (`user_name`, `user_email`, `user_password`, `user_date`, `user_phone`, `user_address`, `user_type`, `user_status`) VALUES (NULL, NULL, NULL, NULL, NULL, NULL, NULL, NULL)')
 3 SYSTEMPATH\Database\BaseConnection.php(593): CodeIgniter\Database\BaseConnection->simpleQuery('INSERT INTO `user` (`user_name`, `user_email`, `user_password`, `user_date`, `user_phone`, `user_address`, `user_type`, `user_status`) VALUES (NULL, NULL, NULL, NULL, NULL, NULL, NULL, NULL)')
 4 SYSTEMPATH\Database\BaseBuilder.php(1916): CodeIgniter\Database\BaseConnection->query('INSERT INTO `user` (`user_name`, `user_email`, `user_password`, `user_date`, `user_phone`, `user_address`, `user_type`, `user_status`) VALUES (:user_name:, :user_email:, :user_password:, :user_date:, :user_phone:, :user_address:, :user_type:, :user_status:)', [...], false)
 5 SYSTEMPATH\Model.php(279): CodeIgniter\Database\BaseBuilder->insert()
 6 SYSTEMPATH\BaseModel.php(749): CodeIgniter\Model->doInsert([...])
 7 SYSTEMPATH\Model.php(667): CodeIgniter\BaseModel->insert([...], true)
 8 APPPATH\Controllers\Dashboard.php(112): CodeIgniter\Model->insert([...])
 9 SYSTEMPATH\CodeIgniter.php(927): App\Controllers\Dashboard->add()
10 SYSTEMPATH\CodeIgniter.php(482): CodeIgniter\CodeIgniter->runController(Object(App\Controllers\Dashboard))
11 SYSTEMPATH\CodeIgniter.php(351): CodeIgniter\CodeIgniter->handleRequest(null, Object(Config\Cache), false)
12 FCPATH\index.php(67): CodeIgniter\CodeIgniter->run()
13 SYSTEMPATH\Commands\Server\rewrite.php(46): require_once('FCPATH\\index.php')
ERROR - 2023-01-02 00:55:01 --> mysqli_sql_exception: Duplicate entry '' for key 'PRIMARY' in D:\XAMPP\htdocs\aplic-dashboard\system\Database\MySQLi\Connection.php:292
Stack trace:
#0 D:\XAMPP\htdocs\aplic-dashboard\system\Database\MySQLi\Connection.php(292): mysqli->query('INSERT INTO `us...', 0)
#1 D:\XAMPP\htdocs\aplic-dashboard\system\Database\BaseConnection.php(666): CodeIgniter\Database\MySQLi\Connection->execute('INSERT INTO `us...')
#2 D:\XAMPP\htdocs\aplic-dashboard\system\Database\BaseConnection.php(593): CodeIgniter\Database\BaseConnection->simpleQuery('INSERT INTO `us...')
#3 D:\XAMPP\htdocs\aplic-dashboard\system\Database\BaseBuilder.php(1916): CodeIgniter\Database\BaseConnection->query('INSERT INTO `us...', Array, false)
#4 D:\XAMPP\htdocs\aplic-dashboard\system\Model.php(279): CodeIgniter\Database\BaseBuilder->insert()
#5 D:\XAMPP\htdocs\aplic-dashboard\system\BaseModel.php(749): CodeIgniter\Model->doInsert(Array)
#6 D:\XAMPP\htdocs\aplic-dashboard\system\Model.php(667): CodeIgniter\BaseModel->insert(Array, true)
#7 D:\XAMPP\htdocs\aplic-dashboard\app\Controllers\Dashboard.php(112): CodeIgniter\Model->insert(Array)
#8 D:\XAMPP\htdocs\aplic-dashboard\system\CodeIgniter.php(927): App\Controllers\Dashboard->add()
#9 D:\XAMPP\htdocs\aplic-dashboard\system\CodeIgniter.php(482): CodeIgniter\CodeIgniter->runController(Object(App\Controllers\Dashboard))
#10 D:\XAMPP\htdocs\aplic-dashboard\system\CodeIgniter.php(351): CodeIgniter\CodeIgniter->handleRequest(NULL, Object(Config\Cache), false)
#11 D:\XAMPP\htdocs\aplic-dashboard\public\index.php(67): CodeIgniter\CodeIgniter->run()
#12 D:\XAMPP\htdocs\aplic-dashboard\system\Commands\Server\rewrite.php(46): require_once('D:\\XAMPP\\htdocs...')
#13 {main}
CRITICAL - 2023-01-02 00:55:01 --> Duplicate entry '' for key 'PRIMARY'
in SYSTEMPATH\Database\MySQLi\Connection.php on line 292.
 1 SYSTEMPATH\Database\MySQLi\Connection.php(292): mysqli->query('INSERT INTO `user` (`user_name`, `user_email`, `user_password`, `user_date`, `user_phone`, `user_address`, `user_type`, `user_status`) VALUES (NULL, NULL, NULL, NULL, NULL, NULL, NULL, NULL)', 0)
 2 SYSTEMPATH\Database\BaseConnection.php(666): CodeIgniter\Database\MySQLi\Connection->execute('INSERT INTO `user` (`user_name`, `user_email`, `user_password`, `user_date`, `user_phone`, `user_address`, `user_type`, `user_status`) VALUES (NULL, NULL, NULL, NULL, NULL, NULL, NULL, NULL)')
 3 SYSTEMPATH\Database\BaseConnection.php(593): CodeIgniter\Database\BaseConnection->simpleQuery('INSERT INTO `user` (`user_name`, `user_email`, `user_password`, `user_date`, `user_phone`, `user_address`, `user_type`, `user_status`) VALUES (NULL, NULL, NULL, NULL, NULL, NULL, NULL, NULL)')
 4 SYSTEMPATH\Database\BaseBuilder.php(1916): CodeIgniter\Database\BaseConnection->query('INSERT INTO `user` (`user_name`, `user_email`, `user_password`, `user_date`, `user_phone`, `user_address`, `user_type`, `user_status`) VALUES (:user_name:, :user_email:, :user_password:, :user_date:, :user_phone:, :user_address:, :user_type:, :user_status:)', [...], false)
 5 SYSTEMPATH\Model.php(279): CodeIgniter\Database\BaseBuilder->insert()
 6 SYSTEMPATH\BaseModel.php(749): CodeIgniter\Model->doInsert([...])
 7 SYSTEMPATH\Model.php(667): CodeIgniter\BaseModel->insert([...], true)
 8 APPPATH\Controllers\Dashboard.php(112): CodeIgniter\Model->insert([...])
 9 SYSTEMPATH\CodeIgniter.php(927): App\Controllers\Dashboard->add()
10 SYSTEMPATH\CodeIgniter.php(482): CodeIgniter\CodeIgniter->runController(Object(App\Controllers\Dashboard))
11 SYSTEMPATH\CodeIgniter.php(351): CodeIgniter\CodeIgniter->handleRequest(null, Object(Config\Cache), false)
12 FCPATH\index.php(67): CodeIgniter\CodeIgniter->run()
13 SYSTEMPATH\Commands\Server\rewrite.php(46): require_once('FCPATH\\index.php')
ERROR - 2023-01-02 00:55:02 --> mysqli_sql_exception: Duplicate entry '' for key 'PRIMARY' in D:\XAMPP\htdocs\aplic-dashboard\system\Database\MySQLi\Connection.php:292
Stack trace:
#0 D:\XAMPP\htdocs\aplic-dashboard\system\Database\MySQLi\Connection.php(292): mysqli->query('INSERT INTO `us...', 0)
#1 D:\XAMPP\htdocs\aplic-dashboard\system\Database\BaseConnection.php(666): CodeIgniter\Database\MySQLi\Connection->execute('INSERT INTO `us...')
#2 D:\XAMPP\htdocs\aplic-dashboard\system\Database\BaseConnection.php(593): CodeIgniter\Database\BaseConnection->simpleQuery('INSERT INTO `us...')
#3 D:\XAMPP\htdocs\aplic-dashboard\system\Database\BaseBuilder.php(1916): CodeIgniter\Database\BaseConnection->query('INSERT INTO `us...', Array, false)
#4 D:\XAMPP\htdocs\aplic-dashboard\system\Model.php(279): CodeIgniter\Database\BaseBuilder->insert()
#5 D:\XAMPP\htdocs\aplic-dashboard\system\BaseModel.php(749): CodeIgniter\Model->doInsert(Array)
#6 D:\XAMPP\htdocs\aplic-dashboard\system\Model.php(667): CodeIgniter\BaseModel->insert(Array, true)
#7 D:\XAMPP\htdocs\aplic-dashboard\app\Controllers\Dashboard.php(112): CodeIgniter\Model->insert(Array)
#8 D:\XAMPP\htdocs\aplic-dashboard\system\CodeIgniter.php(927): App\Controllers\Dashboard->add()
#9 D:\XAMPP\htdocs\aplic-dashboard\system\CodeIgniter.php(482): CodeIgniter\CodeIgniter->runController(Object(App\Controllers\Dashboard))
#10 D:\XAMPP\htdocs\aplic-dashboard\system\CodeIgniter.php(351): CodeIgniter\CodeIgniter->handleRequest(NULL, Object(Config\Cache), false)
#11 D:\XAMPP\htdocs\aplic-dashboard\public\index.php(67): CodeIgniter\CodeIgniter->run()
#12 D:\XAMPP\htdocs\aplic-dashboard\system\Commands\Server\rewrite.php(46): require_once('D:\\XAMPP\\htdocs...')
#13 {main}
CRITICAL - 2023-01-02 00:55:02 --> Duplicate entry '' for key 'PRIMARY'
in SYSTEMPATH\Database\MySQLi\Connection.php on line 292.
 1 SYSTEMPATH\Database\MySQLi\Connection.php(292): mysqli->query('INSERT INTO `user` (`user_name`, `user_email`, `user_password`, `user_date`, `user_phone`, `user_address`, `user_type`, `user_status`) VALUES (NULL, NULL, NULL, NULL, NULL, NULL, NULL, NULL)', 0)
 2 SYSTEMPATH\Database\BaseConnection.php(666): CodeIgniter\Database\MySQLi\Connection->execute('INSERT INTO `user` (`user_name`, `user_email`, `user_password`, `user_date`, `user_phone`, `user_address`, `user_type`, `user_status`) VALUES (NULL, NULL, NULL, NULL, NULL, NULL, NULL, NULL)')
 3 SYSTEMPATH\Database\BaseConnection.php(593): CodeIgniter\Database\BaseConnection->simpleQuery('INSERT INTO `user` (`user_name`, `user_email`, `user_password`, `user_date`, `user_phone`, `user_address`, `user_type`, `user_status`) VALUES (NULL, NULL, NULL, NULL, NULL, NULL, NULL, NULL)')
 4 SYSTEMPATH\Database\BaseBuilder.php(1916): CodeIgniter\Database\BaseConnection->query('INSERT INTO `user` (`user_name`, `user_email`, `user_password`, `user_date`, `user_phone`, `user_address`, `user_type`, `user_status`) VALUES (:user_name:, :user_email:, :user_password:, :user_date:, :user_phone:, :user_address:, :user_type:, :user_status:)', [...], false)
 5 SYSTEMPATH\Model.php(279): CodeIgniter\Database\BaseBuilder->insert()
 6 SYSTEMPATH\BaseModel.php(749): CodeIgniter\Model->doInsert([...])
 7 SYSTEMPATH\Model.php(667): CodeIgniter\BaseModel->insert([...], true)
 8 APPPATH\Controllers\Dashboard.php(112): CodeIgniter\Model->insert([...])
 9 SYSTEMPATH\CodeIgniter.php(927): App\Controllers\Dashboard->add()
10 SYSTEMPATH\CodeIgniter.php(482): CodeIgniter\CodeIgniter->runController(Object(App\Controllers\Dashboard))
11 SYSTEMPATH\CodeIgniter.php(351): CodeIgniter\CodeIgniter->handleRequest(null, Object(Config\Cache), false)
12 FCPATH\index.php(67): CodeIgniter\CodeIgniter->run()
13 SYSTEMPATH\Commands\Server\rewrite.php(46): require_once('FCPATH\\index.php')
ERROR - 2023-01-02 00:55:03 --> mysqli_sql_exception: Duplicate entry '' for key 'PRIMARY' in D:\XAMPP\htdocs\aplic-dashboard\system\Database\MySQLi\Connection.php:292
Stack trace:
#0 D:\XAMPP\htdocs\aplic-dashboard\system\Database\MySQLi\Connection.php(292): mysqli->query('INSERT INTO `us...', 0)
#1 D:\XAMPP\htdocs\aplic-dashboard\system\Database\BaseConnection.php(666): CodeIgniter\Database\MySQLi\Connection->execute('INSERT INTO `us...')
#2 D:\XAMPP\htdocs\aplic-dashboard\system\Database\BaseConnection.php(593): CodeIgniter\Database\BaseConnection->simpleQuery('INSERT INTO `us...')
#3 D:\XAMPP\htdocs\aplic-dashboard\system\Database\BaseBuilder.php(1916): CodeIgniter\Database\BaseConnection->query('INSERT INTO `us...', Array, false)
#4 D:\XAMPP\htdocs\aplic-dashboard\system\Model.php(279): CodeIgniter\Database\BaseBuilder->insert()
#5 D:\XAMPP\htdocs\aplic-dashboard\system\BaseModel.php(749): CodeIgniter\Model->doInsert(Array)
#6 D:\XAMPP\htdocs\aplic-dashboard\system\Model.php(667): CodeIgniter\BaseModel->insert(Array, true)
#7 D:\XAMPP\htdocs\aplic-dashboard\app\Controllers\Dashboard.php(112): CodeIgniter\Model->insert(Array)
#8 D:\XAMPP\htdocs\aplic-dashboard\system\CodeIgniter.php(927): App\Controllers\Dashboard->add()
#9 D:\XAMPP\htdocs\aplic-dashboard\system\CodeIgniter.php(482): CodeIgniter\CodeIgniter->runController(Object(App\Controllers\Dashboard))
#10 D:\XAMPP\htdocs\aplic-dashboard\system\CodeIgniter.php(351): CodeIgniter\CodeIgniter->handleRequest(NULL, Object(Config\Cache), false)
#11 D:\XAMPP\htdocs\aplic-dashboard\public\index.php(67): CodeIgniter\CodeIgniter->run()
#12 D:\XAMPP\htdocs\aplic-dashboard\system\Commands\Server\rewrite.php(46): require_once('D:\\XAMPP\\htdocs...')
#13 {main}
CRITICAL - 2023-01-02 00:55:03 --> Duplicate entry '' for key 'PRIMARY'
in SYSTEMPATH\Database\MySQLi\Connection.php on line 292.
 1 SYSTEMPATH\Database\MySQLi\Connection.php(292): mysqli->query('INSERT INTO `user` (`user_name`, `user_email`, `user_password`, `user_date`, `user_phone`, `user_address`, `user_type`, `user_status`) VALUES (NULL, NULL, NULL, NULL, NULL, NULL, NULL, NULL)', 0)
 2 SYSTEMPATH\Database\BaseConnection.php(666): CodeIgniter\Database\MySQLi\Connection->execute('INSERT INTO `user` (`user_name`, `user_email`, `user_password`, `user_date`, `user_phone`, `user_address`, `user_type`, `user_status`) VALUES (NULL, NULL, NULL, NULL, NULL, NULL, NULL, NULL)')
 3 SYSTEMPATH\Database\BaseConnection.php(593): CodeIgniter\Database\BaseConnection->simpleQuery('INSERT INTO `user` (`user_name`, `user_email`, `user_password`, `user_date`, `user_phone`, `user_address`, `user_type`, `user_status`) VALUES (NULL, NULL, NULL, NULL, NULL, NULL, NULL, NULL)')
 4 SYSTEMPATH\Database\BaseBuilder.php(1916): CodeIgniter\Database\BaseConnection->query('INSERT INTO `user` (`user_name`, `user_email`, `user_password`, `user_date`, `user_phone`, `user_address`, `user_type`, `user_status`) VALUES (:user_name:, :user_email:, :user_password:, :user_date:, :user_phone:, :user_address:, :user_type:, :user_status:)', [...], false)
 5 SYSTEMPATH\Model.php(279): CodeIgniter\Database\BaseBuilder->insert()
 6 SYSTEMPATH\BaseModel.php(749): CodeIgniter\Model->doInsert([...])
 7 SYSTEMPATH\Model.php(667): CodeIgniter\BaseModel->insert([...], true)
 8 APPPATH\Controllers\Dashboard.php(112): CodeIgniter\Model->insert([...])
 9 SYSTEMPATH\CodeIgniter.php(927): App\Controllers\Dashboard->add()
10 SYSTEMPATH\CodeIgniter.php(482): CodeIgniter\CodeIgniter->runController(Object(App\Controllers\Dashboard))
11 SYSTEMPATH\CodeIgniter.php(351): CodeIgniter\CodeIgniter->handleRequest(null, Object(Config\Cache), false)
12 FCPATH\index.php(67): CodeIgniter\CodeIgniter->run()
13 SYSTEMPATH\Commands\Server\rewrite.php(46): require_once('FCPATH\\index.php')
ERROR - 2023-01-02 00:55:11 --> mysqli_sql_exception: Duplicate entry '' for key 'PRIMARY' in D:\XAMPP\htdocs\aplic-dashboard\system\Database\MySQLi\Connection.php:292
Stack trace:
#0 D:\XAMPP\htdocs\aplic-dashboard\system\Database\MySQLi\Connection.php(292): mysqli->query('INSERT INTO `us...', 0)
#1 D:\XAMPP\htdocs\aplic-dashboard\system\Database\BaseConnection.php(666): CodeIgniter\Database\MySQLi\Connection->execute('INSERT INTO `us...')
#2 D:\XAMPP\htdocs\aplic-dashboard\system\Database\BaseConnection.php(593): CodeIgniter\Database\BaseConnection->simpleQuery('INSERT INTO `us...')
#3 D:\XAMPP\htdocs\aplic-dashboard\system\Database\BaseBuilder.php(1916): CodeIgniter\Database\BaseConnection->query('INSERT INTO `us...', Array, false)
#4 D:\XAMPP\htdocs\aplic-dashboard\system\Model.php(279): CodeIgniter\Database\BaseBuilder->insert()
#5 D:\XAMPP\htdocs\aplic-dashboard\system\BaseModel.php(749): CodeIgniter\Model->doInsert(Array)
#6 D:\XAMPP\htdocs\aplic-dashboard\system\Model.php(667): CodeIgniter\BaseModel->insert(Array, true)
#7 D:\XAMPP\htdocs\aplic-dashboard\app\Controllers\Dashboard.php(112): CodeIgniter\Model->insert(Array)
#8 D:\XAMPP\htdocs\aplic-dashboard\system\CodeIgniter.php(927): App\Controllers\Dashboard->add()
#9 D:\XAMPP\htdocs\aplic-dashboard\system\CodeIgniter.php(482): CodeIgniter\CodeIgniter->runController(Object(App\Controllers\Dashboard))
#10 D:\XAMPP\htdocs\aplic-dashboard\system\CodeIgniter.php(351): CodeIgniter\CodeIgniter->handleRequest(NULL, Object(Config\Cache), false)
#11 D:\XAMPP\htdocs\aplic-dashboard\public\index.php(67): CodeIgniter\CodeIgniter->run()
#12 D:\XAMPP\htdocs\aplic-dashboard\system\Commands\Server\rewrite.php(46): require_once('D:\\XAMPP\\htdocs...')
#13 {main}
CRITICAL - 2023-01-02 00:55:11 --> Duplicate entry '' for key 'PRIMARY'
in SYSTEMPATH\Database\MySQLi\Connection.php on line 292.
 1 SYSTEMPATH\Database\MySQLi\Connection.php(292): mysqli->query('INSERT INTO `user` (`user_name`, `user_email`, `user_password`, `user_date`, `user_phone`, `user_address`, `user_type`, `user_status`) VALUES (NULL, NULL, NULL, NULL, NULL, NULL, NULL, NULL)', 0)
 2 SYSTEMPATH\Database\BaseConnection.php(666): CodeIgniter\Database\MySQLi\Connection->execute('INSERT INTO `user` (`user_name`, `user_email`, `user_password`, `user_date`, `user_phone`, `user_address`, `user_type`, `user_status`) VALUES (NULL, NULL, NULL, NULL, NULL, NULL, NULL, NULL)')
 3 SYSTEMPATH\Database\BaseConnection.php(593): CodeIgniter\Database\BaseConnection->simpleQuery('INSERT INTO `user` (`user_name`, `user_email`, `user_password`, `user_date`, `user_phone`, `user_address`, `user_type`, `user_status`) VALUES (NULL, NULL, NULL, NULL, NULL, NULL, NULL, NULL)')
 4 SYSTEMPATH\Database\BaseBuilder.php(1916): CodeIgniter\Database\BaseConnection->query('INSERT INTO `user` (`user_name`, `user_email`, `user_password`, `user_date`, `user_phone`, `user_address`, `user_type`, `user_status`) VALUES (:user_name:, :user_email:, :user_password:, :user_date:, :user_phone:, :user_address:, :user_type:, :user_status:)', [...], false)
 5 SYSTEMPATH\Model.php(279): CodeIgniter\Database\BaseBuilder->insert()
 6 SYSTEMPATH\BaseModel.php(749): CodeIgniter\Model->doInsert([...])
 7 SYSTEMPATH\Model.php(667): CodeIgniter\BaseModel->insert([...], true)
 8 APPPATH\Controllers\Dashboard.php(112): CodeIgniter\Model->insert([...])
 9 SYSTEMPATH\CodeIgniter.php(927): App\Controllers\Dashboard->add()
10 SYSTEMPATH\CodeIgniter.php(482): CodeIgniter\CodeIgniter->runController(Object(App\Controllers\Dashboard))
11 SYSTEMPATH\CodeIgniter.php(351): CodeIgniter\CodeIgniter->handleRequest(null, Object(Config\Cache), false)
12 FCPATH\index.php(67): CodeIgniter\CodeIgniter->run()
13 SYSTEMPATH\Commands\Server\rewrite.php(46): require_once('FCPATH\\index.php')
ERROR - 2023-01-02 00:55:13 --> mysqli_sql_exception: Duplicate entry '' for key 'PRIMARY' in D:\XAMPP\htdocs\aplic-dashboard\system\Database\MySQLi\Connection.php:292
Stack trace:
#0 D:\XAMPP\htdocs\aplic-dashboard\system\Database\MySQLi\Connection.php(292): mysqli->query('INSERT INTO `us...', 0)
#1 D:\XAMPP\htdocs\aplic-dashboard\system\Database\BaseConnection.php(666): CodeIgniter\Database\MySQLi\Connection->execute('INSERT INTO `us...')
#2 D:\XAMPP\htdocs\aplic-dashboard\system\Database\BaseConnection.php(593): CodeIgniter\Database\BaseConnection->simpleQuery('INSERT INTO `us...')
#3 D:\XAMPP\htdocs\aplic-dashboard\system\Database\BaseBuilder.php(1916): CodeIgniter\Database\BaseConnection->query('INSERT INTO `us...', Array, false)
#4 D:\XAMPP\htdocs\aplic-dashboard\system\Model.php(279): CodeIgniter\Database\BaseBuilder->insert()
#5 D:\XAMPP\htdocs\aplic-dashboard\system\BaseModel.php(749): CodeIgniter\Model->doInsert(Array)
#6 D:\XAMPP\htdocs\aplic-dashboard\system\Model.php(667): CodeIgniter\BaseModel->insert(Array, true)
#7 D:\XAMPP\htdocs\aplic-dashboard\app\Controllers\Dashboard.php(112): CodeIgniter\Model->insert(Array)
#8 D:\XAMPP\htdocs\aplic-dashboard\system\CodeIgniter.php(927): App\Controllers\Dashboard->add()
#9 D:\XAMPP\htdocs\aplic-dashboard\system\CodeIgniter.php(482): CodeIgniter\CodeIgniter->runController(Object(App\Controllers\Dashboard))
#10 D:\XAMPP\htdocs\aplic-dashboard\system\CodeIgniter.php(351): CodeIgniter\CodeIgniter->handleRequest(NULL, Object(Config\Cache), false)
#11 D:\XAMPP\htdocs\aplic-dashboard\public\index.php(67): CodeIgniter\CodeIgniter->run()
#12 D:\XAMPP\htdocs\aplic-dashboard\system\Commands\Server\rewrite.php(46): require_once('D:\\XAMPP\\htdocs...')
#13 {main}
CRITICAL - 2023-01-02 00:55:13 --> Duplicate entry '' for key 'PRIMARY'
in SYSTEMPATH\Database\MySQLi\Connection.php on line 292.
 1 SYSTEMPATH\Database\MySQLi\Connection.php(292): mysqli->query('INSERT INTO `user` (`user_name`, `user_email`, `user_password`, `user_date`, `user_phone`, `user_address`, `user_type`, `user_status`) VALUES (NULL, NULL, NULL, NULL, NULL, NULL, NULL, NULL)', 0)
 2 SYSTEMPATH\Database\BaseConnection.php(666): CodeIgniter\Database\MySQLi\Connection->execute('INSERT INTO `user` (`user_name`, `user_email`, `user_password`, `user_date`, `user_phone`, `user_address`, `user_type`, `user_status`) VALUES (NULL, NULL, NULL, NULL, NULL, NULL, NULL, NULL)')
 3 SYSTEMPATH\Database\BaseConnection.php(593): CodeIgniter\Database\BaseConnection->simpleQuery('INSERT INTO `user` (`user_name`, `user_email`, `user_password`, `user_date`, `user_phone`, `user_address`, `user_type`, `user_status`) VALUES (NULL, NULL, NULL, NULL, NULL, NULL, NULL, NULL)')
 4 SYSTEMPATH\Database\BaseBuilder.php(1916): CodeIgniter\Database\BaseConnection->query('INSERT INTO `user` (`user_name`, `user_email`, `user_password`, `user_date`, `user_phone`, `user_address`, `user_type`, `user_status`) VALUES (:user_name:, :user_email:, :user_password:, :user_date:, :user_phone:, :user_address:, :user_type:, :user_status:)', [...], false)
 5 SYSTEMPATH\Model.php(279): CodeIgniter\Database\BaseBuilder->insert()
 6 SYSTEMPATH\BaseModel.php(749): CodeIgniter\Model->doInsert([...])
 7 SYSTEMPATH\Model.php(667): CodeIgniter\BaseModel->insert([...], true)
 8 APPPATH\Controllers\Dashboard.php(112): CodeIgniter\Model->insert([...])
 9 SYSTEMPATH\CodeIgniter.php(927): App\Controllers\Dashboard->add()
10 SYSTEMPATH\CodeIgniter.php(482): CodeIgniter\CodeIgniter->runController(Object(App\Controllers\Dashboard))
11 SYSTEMPATH\CodeIgniter.php(351): CodeIgniter\CodeIgniter->handleRequest(null, Object(Config\Cache), false)
12 FCPATH\index.php(67): CodeIgniter\CodeIgniter->run()
13 SYSTEMPATH\Commands\Server\rewrite.php(46): require_once('FCPATH\\index.php')
ERROR - 2023-01-02 00:57:42 --> mysqli_sql_exception: Duplicate entry '' for key 'PRIMARY' in D:\XAMPP\htdocs\aplic-dashboard\system\Database\MySQLi\Connection.php:292
Stack trace:
#0 D:\XAMPP\htdocs\aplic-dashboard\system\Database\MySQLi\Connection.php(292): mysqli->query('INSERT INTO `us...', 0)
#1 D:\XAMPP\htdocs\aplic-dashboard\system\Database\BaseConnection.php(666): CodeIgniter\Database\MySQLi\Connection->execute('INSERT INTO `us...')
#2 D:\XAMPP\htdocs\aplic-dashboard\system\Database\BaseConnection.php(593): CodeIgniter\Database\BaseConnection->simpleQuery('INSERT INTO `us...')
#3 D:\XAMPP\htdocs\aplic-dashboard\system\Database\BaseBuilder.php(1916): CodeIgniter\Database\BaseConnection->query('INSERT INTO `us...', Array, false)
#4 D:\XAMPP\htdocs\aplic-dashboard\system\Model.php(279): CodeIgniter\Database\BaseBuilder->insert()
#5 D:\XAMPP\htdocs\aplic-dashboard\system\BaseModel.php(749): CodeIgniter\Model->doInsert(Array)
#6 D:\XAMPP\htdocs\aplic-dashboard\system\Model.php(667): CodeIgniter\BaseModel->insert(Array, true)
#7 D:\XAMPP\htdocs\aplic-dashboard\app\Controllers\Dashboard.php(112): CodeIgniter\Model->insert(Array)
#8 D:\XAMPP\htdocs\aplic-dashboard\system\CodeIgniter.php(927): App\Controllers\Dashboard->add()
#9 D:\XAMPP\htdocs\aplic-dashboard\system\CodeIgniter.php(482): CodeIgniter\CodeIgniter->runController(Object(App\Controllers\Dashboard))
#10 D:\XAMPP\htdocs\aplic-dashboard\system\CodeIgniter.php(351): CodeIgniter\CodeIgniter->handleRequest(NULL, Object(Config\Cache), false)
#11 D:\XAMPP\htdocs\aplic-dashboard\public\index.php(67): CodeIgniter\CodeIgniter->run()
#12 D:\XAMPP\htdocs\aplic-dashboard\system\Commands\Server\rewrite.php(46): require_once('D:\\XAMPP\\htdocs...')
#13 {main}
CRITICAL - 2023-01-02 00:57:42 --> Duplicate entry '' for key 'PRIMARY'
in SYSTEMPATH\Database\MySQLi\Connection.php on line 292.
 1 SYSTEMPATH\Database\MySQLi\Connection.php(292): mysqli->query('INSERT INTO `user` (`user_name`, `user_email`, `user_password`, `user_date`, `user_phone`, `user_address`, `user_type`, `user_status`) VALUES (NULL, NULL, NULL, NULL, NULL, NULL, NULL, NULL)', 0)
 2 SYSTEMPATH\Database\BaseConnection.php(666): CodeIgniter\Database\MySQLi\Connection->execute('INSERT INTO `user` (`user_name`, `user_email`, `user_password`, `user_date`, `user_phone`, `user_address`, `user_type`, `user_status`) VALUES (NULL, NULL, NULL, NULL, NULL, NULL, NULL, NULL)')
 3 SYSTEMPATH\Database\BaseConnection.php(593): CodeIgniter\Database\BaseConnection->simpleQuery('INSERT INTO `user` (`user_name`, `user_email`, `user_password`, `user_date`, `user_phone`, `user_address`, `user_type`, `user_status`) VALUES (NULL, NULL, NULL, NULL, NULL, NULL, NULL, NULL)')
 4 SYSTEMPATH\Database\BaseBuilder.php(1916): CodeIgniter\Database\BaseConnection->query('INSERT INTO `user` (`user_name`, `user_email`, `user_password`, `user_date`, `user_phone`, `user_address`, `user_type`, `user_status`) VALUES (:user_name:, :user_email:, :user_password:, :user_date:, :user_phone:, :user_address:, :user_type:, :user_status:)', [...], false)
 5 SYSTEMPATH\Model.php(279): CodeIgniter\Database\BaseBuilder->insert()
 6 SYSTEMPATH\BaseModel.php(749): CodeIgniter\Model->doInsert([...])
 7 SYSTEMPATH\Model.php(667): CodeIgniter\BaseModel->insert([...], true)
 8 APPPATH\Controllers\Dashboard.php(112): CodeIgniter\Model->insert([...])
 9 SYSTEMPATH\CodeIgniter.php(927): App\Controllers\Dashboard->add()
10 SYSTEMPATH\CodeIgniter.php(482): CodeIgniter\CodeIgniter->runController(Object(App\Controllers\Dashboard))
11 SYSTEMPATH\CodeIgniter.php(351): CodeIgniter\CodeIgniter->handleRequest(null, Object(Config\Cache), false)
12 FCPATH\index.php(67): CodeIgniter\CodeIgniter->run()
13 SYSTEMPATH\Commands\Server\rewrite.php(46): require_once('FCPATH\\index.php')
ERROR - 2023-01-02 00:57:43 --> mysqli_sql_exception: Duplicate entry '' for key 'PRIMARY' in D:\XAMPP\htdocs\aplic-dashboard\system\Database\MySQLi\Connection.php:292
Stack trace:
#0 D:\XAMPP\htdocs\aplic-dashboard\system\Database\MySQLi\Connection.php(292): mysqli->query('INSERT INTO `us...', 0)
#1 D:\XAMPP\htdocs\aplic-dashboard\system\Database\BaseConnection.php(666): CodeIgniter\Database\MySQLi\Connection->execute('INSERT INTO `us...')
#2 D:\XAMPP\htdocs\aplic-dashboard\system\Database\BaseConnection.php(593): CodeIgniter\Database\BaseConnection->simpleQuery('INSERT INTO `us...')
#3 D:\XAMPP\htdocs\aplic-dashboard\system\Database\BaseBuilder.php(1916): CodeIgniter\Database\BaseConnection->query('INSERT INTO `us...', Array, false)
#4 D:\XAMPP\htdocs\aplic-dashboard\system\Model.php(279): CodeIgniter\Database\BaseBuilder->insert()
#5 D:\XAMPP\htdocs\aplic-dashboard\system\BaseModel.php(749): CodeIgniter\Model->doInsert(Array)
#6 D:\XAMPP\htdocs\aplic-dashboard\system\Model.php(667): CodeIgniter\BaseModel->insert(Array, true)
#7 D:\XAMPP\htdocs\aplic-dashboard\app\Controllers\Dashboard.php(112): CodeIgniter\Model->insert(Array)
#8 D:\XAMPP\htdocs\aplic-dashboard\system\CodeIgniter.php(927): App\Controllers\Dashboard->add()
#9 D:\XAMPP\htdocs\aplic-dashboard\system\CodeIgniter.php(482): CodeIgniter\CodeIgniter->runController(Object(App\Controllers\Dashboard))
#10 D:\XAMPP\htdocs\aplic-dashboard\system\CodeIgniter.php(351): CodeIgniter\CodeIgniter->handleRequest(NULL, Object(Config\Cache), false)
#11 D:\XAMPP\htdocs\aplic-dashboard\public\index.php(67): CodeIgniter\CodeIgniter->run()
#12 D:\XAMPP\htdocs\aplic-dashboard\system\Commands\Server\rewrite.php(46): require_once('D:\\XAMPP\\htdocs...')
#13 {main}
CRITICAL - 2023-01-02 00:57:43 --> Duplicate entry '' for key 'PRIMARY'
in SYSTEMPATH\Database\MySQLi\Connection.php on line 292.
 1 SYSTEMPATH\Database\MySQLi\Connection.php(292): mysqli->query('INSERT INTO `user` (`user_name`, `user_email`, `user_password`, `user_date`, `user_phone`, `user_address`, `user_type`, `user_status`) VALUES (NULL, NULL, NULL, NULL, NULL, NULL, NULL, NULL)', 0)
 2 SYSTEMPATH\Database\BaseConnection.php(666): CodeIgniter\Database\MySQLi\Connection->execute('INSERT INTO `user` (`user_name`, `user_email`, `user_password`, `user_date`, `user_phone`, `user_address`, `user_type`, `user_status`) VALUES (NULL, NULL, NULL, NULL, NULL, NULL, NULL, NULL)')
 3 SYSTEMPATH\Database\BaseConnection.php(593): CodeIgniter\Database\BaseConnection->simpleQuery('INSERT INTO `user` (`user_name`, `user_email`, `user_password`, `user_date`, `user_phone`, `user_address`, `user_type`, `user_status`) VALUES (NULL, NULL, NULL, NULL, NULL, NULL, NULL, NULL)')
 4 SYSTEMPATH\Database\BaseBuilder.php(1916): CodeIgniter\Database\BaseConnection->query('INSERT INTO `user` (`user_name`, `user_email`, `user_password`, `user_date`, `user_phone`, `user_address`, `user_type`, `user_status`) VALUES (:user_name:, :user_email:, :user_password:, :user_date:, :user_phone:, :user_address:, :user_type:, :user_status:)', [...], false)
 5 SYSTEMPATH\Model.php(279): CodeIgniter\Database\BaseBuilder->insert()
 6 SYSTEMPATH\BaseModel.php(749): CodeIgniter\Model->doInsert([...])
 7 SYSTEMPATH\Model.php(667): CodeIgniter\BaseModel->insert([...], true)
 8 APPPATH\Controllers\Dashboard.php(112): CodeIgniter\Model->insert([...])
 9 SYSTEMPATH\CodeIgniter.php(927): App\Controllers\Dashboard->add()
10 SYSTEMPATH\CodeIgniter.php(482): CodeIgniter\CodeIgniter->runController(Object(App\Controllers\Dashboard))
11 SYSTEMPATH\CodeIgniter.php(351): CodeIgniter\CodeIgniter->handleRequest(null, Object(Config\Cache), false)
12 FCPATH\index.php(67): CodeIgniter\CodeIgniter->run()
13 SYSTEMPATH\Commands\Server\rewrite.php(46): require_once('FCPATH\\index.php')
