ERROR - 2023-01-09 02:27:40 --> mysqli_sql_exception: Unknown column 'username' in 'where clause' in D:\XAMPP\htdocs\aplic-dashboard\system\Database\MySQLi\Connection.php:292
Stack trace:
#0 D:\XAMPP\htdocs\aplic-dashboard\system\Database\MySQLi\Connection.php(292): mysqli->query('SELECT *\nFROM `...', 0)
#1 D:\XAMPP\htdocs\aplic-dashboard\system\Database\BaseConnection.php(666): CodeIgniter\Database\MySQLi\Connection->execute('SELECT *\nFROM `...')
#2 D:\XAMPP\htdocs\aplic-dashboard\system\Database\BaseConnection.php(593): CodeIgniter\Database\BaseConnection->simpleQuery('SELECT *\nFROM `...')
#3 D:\XAMPP\htdocs\aplic-dashboard\system\Database\BaseBuilder.php(1585): CodeIgniter\Database\BaseConnection->query('SELECT *\nFROM `...', Array, false)
#4 D:\XAMPP\htdocs\aplic-dashboard\system\Model.php(250): CodeIgniter\Database\BaseBuilder->get()
#5 D:\XAMPP\htdocs\aplic-dashboard\system\BaseModel.php(623): CodeIgniter\Model->doFirst()
#6 D:\XAMPP\htdocs\aplic-dashboard\app\Controllers\Auth.php(24): CodeIgniter\BaseModel->first()
#7 D:\XAMPP\htdocs\aplic-dashboard\system\CodeIgniter.php(927): App\Controllers\Auth->login()
#8 D:\XAMPP\htdocs\aplic-dashboard\system\CodeIgniter.php(482): CodeIgniter\CodeIgniter->runController(Object(App\Controllers\Auth))
#9 D:\XAMPP\htdocs\aplic-dashboard\system\CodeIgniter.php(351): CodeIgniter\CodeIgniter->handleRequest(NULL, Object(Config\Cache), false)
#10 D:\XAMPP\htdocs\aplic-dashboard\public\index.php(67): CodeIgniter\CodeIgniter->run()
#11 D:\XAMPP\htdocs\aplic-dashboard\system\Commands\Server\rewrite.php(46): require_once('D:\\XAMPP\\htdocs...')
#12 {main}
CRITICAL - 2023-01-09 02:27:40 --> Unknown column 'username' in 'where clause'
in SYSTEMPATH\Database\MySQLi\Connection.php on line 292.
 1 SYSTEMPATH\Database\MySQLi\Connection.php(292): mysqli->query('SELECT *
FROM `user`
WHERE `username` = \'natanaelcsrio\'
AND `password` = \'natanael12\'
 LIMIT 1', 0)
 2 SYSTEMPATH\Database\BaseConnection.php(666): CodeIgniter\Database\MySQLi\Connection->execute('SELECT *
FROM `user`
WHERE `username` = \'natanaelcsrio\'
AND `password` = \'natanael12\'
 LIMIT 1')
 3 SYSTEMPATH\Database\BaseConnection.php(593): CodeIgniter\Database\BaseConnection->simpleQuery('SELECT *
FROM `user`
WHERE `username` = \'natanaelcsrio\'
AND `password` = \'natanael12\'
 LIMIT 1')
 4 SYSTEMPATH\Database\BaseBuilder.php(1585): CodeIgniter\Database\BaseConnection->query('SELECT *
FROM `user`
WHERE `username` = :username:
AND `password` = :password:
 LIMIT 1', [...], false)
 5 SYSTEMPATH\Model.php(250): CodeIgniter\Database\BaseBuilder->get()
 6 SYSTEMPATH\BaseModel.php(623): CodeIgniter\Model->doFirst()
 7 APPPATH\Controllers\Auth.php(24): CodeIgniter\BaseModel->first()
 8 SYSTEMPATH\CodeIgniter.php(927): App\Controllers\Auth->login()
 9 SYSTEMPATH\CodeIgniter.php(482): CodeIgniter\CodeIgniter->runController(Object(App\Controllers\Auth))
10 SYSTEMPATH\CodeIgniter.php(351): CodeIgniter\CodeIgniter->handleRequest(null, Object(Config\Cache), false)
11 FCPATH\index.php(67): CodeIgniter\CodeIgniter->run()
12 SYSTEMPATH\Commands\Server\rewrite.php(46): require_once('FCPATH\\index.php')
ERROR - 2023-01-09 02:27:52 --> mysqli_sql_exception: Unknown column 'username' in 'where clause' in D:\XAMPP\htdocs\aplic-dashboard\system\Database\MySQLi\Connection.php:292
Stack trace:
#0 D:\XAMPP\htdocs\aplic-dashboard\system\Database\MySQLi\Connection.php(292): mysqli->query('SELECT *\nFROM `...', 0)
#1 D:\XAMPP\htdocs\aplic-dashboard\system\Database\BaseConnection.php(666): CodeIgniter\Database\MySQLi\Connection->execute('SELECT *\nFROM `...')
#2 D:\XAMPP\htdocs\aplic-dashboard\system\Database\BaseConnection.php(593): CodeIgniter\Database\BaseConnection->simpleQuery('SELECT *\nFROM `...')
#3 D:\XAMPP\htdocs\aplic-dashboard\system\Database\BaseBuilder.php(1585): CodeIgniter\Database\BaseConnection->query('SELECT *\nFROM `...', Array, false)
#4 D:\XAMPP\htdocs\aplic-dashboard\system\Model.php(250): CodeIgniter\Database\BaseBuilder->get()
#5 D:\XAMPP\htdocs\aplic-dashboard\system\BaseModel.php(623): CodeIgniter\Model->doFirst()
#6 D:\XAMPP\htdocs\aplic-dashboard\app\Controllers\Auth.php(24): CodeIgniter\BaseModel->first()
#7 D:\XAMPP\htdocs\aplic-dashboard\system\CodeIgniter.php(927): App\Controllers\Auth->login()
#8 D:\XAMPP\htdocs\aplic-dashboard\system\CodeIgniter.php(482): CodeIgniter\CodeIgniter->runController(Object(App\Controllers\Auth))
#9 D:\XAMPP\htdocs\aplic-dashboard\system\CodeIgniter.php(351): CodeIgniter\CodeIgniter->handleRequest(NULL, Object(Config\Cache), false)
#10 D:\XAMPP\htdocs\aplic-dashboard\public\index.php(67): CodeIgniter\CodeIgniter->run()
#11 D:\XAMPP\htdocs\aplic-dashboard\system\Commands\Server\rewrite.php(46): require_once('D:\\XAMPP\\htdocs...')
#12 {main}
CRITICAL - 2023-01-09 02:27:52 --> Unknown column 'username' in 'where clause'
in SYSTEMPATH\Database\MySQLi\Connection.php on line 292.
 1 SYSTEMPATH\Database\MySQLi\Connection.php(292): mysqli->query('SELECT *
FROM `user`
WHERE `username` = \'natanaelcsrio\'
AND `password` = \'natanael12\'
 LIMIT 1', 0)
 2 SYSTEMPATH\Database\BaseConnection.php(666): CodeIgniter\Database\MySQLi\Connection->execute('SELECT *
FROM `user`
WHERE `username` = \'natanaelcsrio\'
AND `password` = \'natanael12\'
 LIMIT 1')
 3 SYSTEMPATH\Database\BaseConnection.php(593): CodeIgniter\Database\BaseConnection->simpleQuery('SELECT *
FROM `user`
WHERE `username` = \'natanaelcsrio\'
AND `password` = \'natanael12\'
 LIMIT 1')
 4 SYSTEMPATH\Database\BaseBuilder.php(1585): CodeIgniter\Database\BaseConnection->query('SELECT *
FROM `user`
WHERE `username` = :username:
AND `password` = :password:
 LIMIT 1', [...], false)
 5 SYSTEMPATH\Model.php(250): CodeIgniter\Database\BaseBuilder->get()
 6 SYSTEMPATH\BaseModel.php(623): CodeIgniter\Model->doFirst()
 7 APPPATH\Controllers\Auth.php(24): CodeIgniter\BaseModel->first()
 8 SYSTEMPATH\CodeIgniter.php(927): App\Controllers\Auth->login()
 9 SYSTEMPATH\CodeIgniter.php(482): CodeIgniter\CodeIgniter->runController(Object(App\Controllers\Auth))
10 SYSTEMPATH\CodeIgniter.php(351): CodeIgniter\CodeIgniter->handleRequest(null, Object(Config\Cache), false)
11 FCPATH\index.php(67): CodeIgniter\CodeIgniter->run()
12 SYSTEMPATH\Commands\Server\rewrite.php(46): require_once('FCPATH\\index.php')
ERROR - 2023-01-09 02:29:44 --> mysqli_sql_exception: Unknown column 'username' in 'where clause' in D:\XAMPP\htdocs\aplic-dashboard\system\Database\MySQLi\Connection.php:292
Stack trace:
#0 D:\XAMPP\htdocs\aplic-dashboard\system\Database\MySQLi\Connection.php(292): mysqli->query('SELECT *\nFROM `...', 0)
#1 D:\XAMPP\htdocs\aplic-dashboard\system\Database\BaseConnection.php(666): CodeIgniter\Database\MySQLi\Connection->execute('SELECT *\nFROM `...')
#2 D:\XAMPP\htdocs\aplic-dashboard\system\Database\BaseConnection.php(593): CodeIgniter\Database\BaseConnection->simpleQuery('SELECT *\nFROM `...')
#3 D:\XAMPP\htdocs\aplic-dashboard\system\Database\BaseBuilder.php(1585): CodeIgniter\Database\BaseConnection->query('SELECT *\nFROM `...', Array, false)
#4 D:\XAMPP\htdocs\aplic-dashboard\system\Model.php(250): CodeIgniter\Database\BaseBuilder->get()
#5 D:\XAMPP\htdocs\aplic-dashboard\system\BaseModel.php(623): CodeIgniter\Model->doFirst()
#6 D:\XAMPP\htdocs\aplic-dashboard\app\Controllers\Auth.php(24): CodeIgniter\BaseModel->first()
#7 D:\XAMPP\htdocs\aplic-dashboard\system\CodeIgniter.php(927): App\Controllers\Auth->login()
#8 D:\XAMPP\htdocs\aplic-dashboard\system\CodeIgniter.php(482): CodeIgniter\CodeIgniter->runController(Object(App\Controllers\Auth))
#9 D:\XAMPP\htdocs\aplic-dashboard\system\CodeIgniter.php(351): CodeIgniter\CodeIgniter->handleRequest(NULL, Object(Config\Cache), false)
#10 D:\XAMPP\htdocs\aplic-dashboard\public\index.php(67): CodeIgniter\CodeIgniter->run()
#11 D:\XAMPP\htdocs\aplic-dashboard\system\Commands\Server\rewrite.php(46): require_once('D:\\XAMPP\\htdocs...')
#12 {main}
CRITICAL - 2023-01-09 02:29:44 --> Unknown column 'username' in 'where clause'
in SYSTEMPATH\Database\MySQLi\Connection.php on line 292.
 1 SYSTEMPATH\Database\MySQLi\Connection.php(292): mysqli->query('SELECT *
FROM `user`
WHERE `username` = \'natanaelcsrio\'
AND `password` = \'natanael12\'
 LIMIT 1', 0)
 2 SYSTEMPATH\Database\BaseConnection.php(666): CodeIgniter\Database\MySQLi\Connection->execute('SELECT *
FROM `user`
WHERE `username` = \'natanaelcsrio\'
AND `password` = \'natanael12\'
 LIMIT 1')
 3 SYSTEMPATH\Database\BaseConnection.php(593): CodeIgniter\Database\BaseConnection->simpleQuery('SELECT *
FROM `user`
WHERE `username` = \'natanaelcsrio\'
AND `password` = \'natanael12\'
 LIMIT 1')
 4 SYSTEMPATH\Database\BaseBuilder.php(1585): CodeIgniter\Database\BaseConnection->query('SELECT *
FROM `user`
WHERE `username` = :username:
AND `password` = :password:
 LIMIT 1', [...], false)
 5 SYSTEMPATH\Model.php(250): CodeIgniter\Database\BaseBuilder->get()
 6 SYSTEMPATH\BaseModel.php(623): CodeIgniter\Model->doFirst()
 7 APPPATH\Controllers\Auth.php(24): CodeIgniter\BaseModel->first()
 8 SYSTEMPATH\CodeIgniter.php(927): App\Controllers\Auth->login()
 9 SYSTEMPATH\CodeIgniter.php(482): CodeIgniter\CodeIgniter->runController(Object(App\Controllers\Auth))
10 SYSTEMPATH\CodeIgniter.php(351): CodeIgniter\CodeIgniter->handleRequest(null, Object(Config\Cache), false)
11 FCPATH\index.php(67): CodeIgniter\CodeIgniter->run()
12 SYSTEMPATH\Commands\Server\rewrite.php(46): require_once('FCPATH\\index.php')
ERROR - 2023-01-09 02:30:34 --> mysqli_sql_exception: Unknown column 'username' in 'where clause' in D:\XAMPP\htdocs\aplic-dashboard\system\Database\MySQLi\Connection.php:292
Stack trace:
#0 D:\XAMPP\htdocs\aplic-dashboard\system\Database\MySQLi\Connection.php(292): mysqli->query('SELECT *\nFROM `...', 0)
#1 D:\XAMPP\htdocs\aplic-dashboard\system\Database\BaseConnection.php(666): CodeIgniter\Database\MySQLi\Connection->execute('SELECT *\nFROM `...')
#2 D:\XAMPP\htdocs\aplic-dashboard\system\Database\BaseConnection.php(593): CodeIgniter\Database\BaseConnection->simpleQuery('SELECT *\nFROM `...')
#3 D:\XAMPP\htdocs\aplic-dashboard\system\Database\BaseBuilder.php(1585): CodeIgniter\Database\BaseConnection->query('SELECT *\nFROM `...', Array, false)
#4 D:\XAMPP\htdocs\aplic-dashboard\system\Model.php(250): CodeIgniter\Database\BaseBuilder->get()
#5 D:\XAMPP\htdocs\aplic-dashboard\system\BaseModel.php(623): CodeIgniter\Model->doFirst()
#6 D:\XAMPP\htdocs\aplic-dashboard\app\Controllers\Auth.php(24): CodeIgniter\BaseModel->first()
#7 D:\XAMPP\htdocs\aplic-dashboard\system\CodeIgniter.php(927): App\Controllers\Auth->login()
#8 D:\XAMPP\htdocs\aplic-dashboard\system\CodeIgniter.php(482): CodeIgniter\CodeIgniter->runController(Object(App\Controllers\Auth))
#9 D:\XAMPP\htdocs\aplic-dashboard\system\CodeIgniter.php(351): CodeIgniter\CodeIgniter->handleRequest(NULL, Object(Config\Cache), false)
#10 D:\XAMPP\htdocs\aplic-dashboard\public\index.php(67): CodeIgniter\CodeIgniter->run()
#11 D:\XAMPP\htdocs\aplic-dashboard\system\Commands\Server\rewrite.php(46): require_once('D:\\XAMPP\\htdocs...')
#12 {main}
CRITICAL - 2023-01-09 02:30:34 --> Unknown column 'username' in 'where clause'
in SYSTEMPATH\Database\MySQLi\Connection.php on line 292.
 1 SYSTEMPATH\Database\MySQLi\Connection.php(292): mysqli->query('SELECT *
FROM `user`
WHERE `username` = \'natanaelcsrio\'
AND `password` = \'natanael12\'
 LIMIT 1', 0)
 2 SYSTEMPATH\Database\BaseConnection.php(666): CodeIgniter\Database\MySQLi\Connection->execute('SELECT *
FROM `user`
WHERE `username` = \'natanaelcsrio\'
AND `password` = \'natanael12\'
 LIMIT 1')
 3 SYSTEMPATH\Database\BaseConnection.php(593): CodeIgniter\Database\BaseConnection->simpleQuery('SELECT *
FROM `user`
WHERE `username` = \'natanaelcsrio\'
AND `password` = \'natanael12\'
 LIMIT 1')
 4 SYSTEMPATH\Database\BaseBuilder.php(1585): CodeIgniter\Database\BaseConnection->query('SELECT *
FROM `user`
WHERE `username` = :username:
AND `password` = :password:
 LIMIT 1', [...], false)
 5 SYSTEMPATH\Model.php(250): CodeIgniter\Database\BaseBuilder->get()
 6 SYSTEMPATH\BaseModel.php(623): CodeIgniter\Model->doFirst()
 7 APPPATH\Controllers\Auth.php(24): CodeIgniter\BaseModel->first()
 8 SYSTEMPATH\CodeIgniter.php(927): App\Controllers\Auth->login()
 9 SYSTEMPATH\CodeIgniter.php(482): CodeIgniter\CodeIgniter->runController(Object(App\Controllers\Auth))
10 SYSTEMPATH\CodeIgniter.php(351): CodeIgniter\CodeIgniter->handleRequest(null, Object(Config\Cache), false)
11 FCPATH\index.php(67): CodeIgniter\CodeIgniter->run()
12 SYSTEMPATH\Commands\Server\rewrite.php(46): require_once('FCPATH\\index.php')
ERROR - 2023-01-09 02:30:39 --> mysqli_sql_exception: Unknown column 'username' in 'where clause' in D:\XAMPP\htdocs\aplic-dashboard\system\Database\MySQLi\Connection.php:292
Stack trace:
#0 D:\XAMPP\htdocs\aplic-dashboard\system\Database\MySQLi\Connection.php(292): mysqli->query('SELECT *\nFROM `...', 0)
#1 D:\XAMPP\htdocs\aplic-dashboard\system\Database\BaseConnection.php(666): CodeIgniter\Database\MySQLi\Connection->execute('SELECT *\nFROM `...')
#2 D:\XAMPP\htdocs\aplic-dashboard\system\Database\BaseConnection.php(593): CodeIgniter\Database\BaseConnection->simpleQuery('SELECT *\nFROM `...')
#3 D:\XAMPP\htdocs\aplic-dashboard\system\Database\BaseBuilder.php(1585): CodeIgniter\Database\BaseConnection->query('SELECT *\nFROM `...', Array, false)
#4 D:\XAMPP\htdocs\aplic-dashboard\system\Model.php(250): CodeIgniter\Database\BaseBuilder->get()
#5 D:\XAMPP\htdocs\aplic-dashboard\system\BaseModel.php(623): CodeIgniter\Model->doFirst()
#6 D:\XAMPP\htdocs\aplic-dashboard\app\Controllers\Auth.php(24): CodeIgniter\BaseModel->first()
#7 D:\XAMPP\htdocs\aplic-dashboard\system\CodeIgniter.php(927): App\Controllers\Auth->login()
#8 D:\XAMPP\htdocs\aplic-dashboard\system\CodeIgniter.php(482): CodeIgniter\CodeIgniter->runController(Object(App\Controllers\Auth))
#9 D:\XAMPP\htdocs\aplic-dashboard\system\CodeIgniter.php(351): CodeIgniter\CodeIgniter->handleRequest(NULL, Object(Config\Cache), false)
#10 D:\XAMPP\htdocs\aplic-dashboard\public\index.php(67): CodeIgniter\CodeIgniter->run()
#11 D:\XAMPP\htdocs\aplic-dashboard\system\Commands\Server\rewrite.php(46): require_once('D:\\XAMPP\\htdocs...')
#12 {main}
CRITICAL - 2023-01-09 02:30:39 --> Unknown column 'username' in 'where clause'
in SYSTEMPATH\Database\MySQLi\Connection.php on line 292.
 1 SYSTEMPATH\Database\MySQLi\Connection.php(292): mysqli->query('SELECT *
FROM `user`
WHERE `username` = \'natanaelcsrio\'
AND `password` = \'natanael12\'
 LIMIT 1', 0)
 2 SYSTEMPATH\Database\BaseConnection.php(666): CodeIgniter\Database\MySQLi\Connection->execute('SELECT *
FROM `user`
WHERE `username` = \'natanaelcsrio\'
AND `password` = \'natanael12\'
 LIMIT 1')
 3 SYSTEMPATH\Database\BaseConnection.php(593): CodeIgniter\Database\BaseConnection->simpleQuery('SELECT *
FROM `user`
WHERE `username` = \'natanaelcsrio\'
AND `password` = \'natanael12\'
 LIMIT 1')
 4 SYSTEMPATH\Database\BaseBuilder.php(1585): CodeIgniter\Database\BaseConnection->query('SELECT *
FROM `user`
WHERE `username` = :username:
AND `password` = :password:
 LIMIT 1', [...], false)
 5 SYSTEMPATH\Model.php(250): CodeIgniter\Database\BaseBuilder->get()
 6 SYSTEMPATH\BaseModel.php(623): CodeIgniter\Model->doFirst()
 7 APPPATH\Controllers\Auth.php(24): CodeIgniter\BaseModel->first()
 8 SYSTEMPATH\CodeIgniter.php(927): App\Controllers\Auth->login()
 9 SYSTEMPATH\CodeIgniter.php(482): CodeIgniter\CodeIgniter->runController(Object(App\Controllers\Auth))
10 SYSTEMPATH\CodeIgniter.php(351): CodeIgniter\CodeIgniter->handleRequest(null, Object(Config\Cache), false)
11 FCPATH\index.php(67): CodeIgniter\CodeIgniter->run()
12 SYSTEMPATH\Commands\Server\rewrite.php(46): require_once('FCPATH\\index.php')
ERROR - 2023-01-09 02:31:48 --> mysqli_sql_exception: Unknown column 'username' in 'where clause' in D:\XAMPP\htdocs\aplic-dashboard\system\Database\MySQLi\Connection.php:292
Stack trace:
#0 D:\XAMPP\htdocs\aplic-dashboard\system\Database\MySQLi\Connection.php(292): mysqli->query('SELECT *\nFROM `...', 0)
#1 D:\XAMPP\htdocs\aplic-dashboard\system\Database\BaseConnection.php(666): CodeIgniter\Database\MySQLi\Connection->execute('SELECT *\nFROM `...')
#2 D:\XAMPP\htdocs\aplic-dashboard\system\Database\BaseConnection.php(593): CodeIgniter\Database\BaseConnection->simpleQuery('SELECT *\nFROM `...')
#3 D:\XAMPP\htdocs\aplic-dashboard\system\Database\BaseBuilder.php(1585): CodeIgniter\Database\BaseConnection->query('SELECT *\nFROM `...', Array, false)
#4 D:\XAMPP\htdocs\aplic-dashboard\system\Model.php(250): CodeIgniter\Database\BaseBuilder->get()
#5 D:\XAMPP\htdocs\aplic-dashboard\system\BaseModel.php(623): CodeIgniter\Model->doFirst()
#6 D:\XAMPP\htdocs\aplic-dashboard\app\Controllers\Auth.php(24): CodeIgniter\BaseModel->first()
#7 D:\XAMPP\htdocs\aplic-dashboard\system\CodeIgniter.php(927): App\Controllers\Auth->login()
#8 D:\XAMPP\htdocs\aplic-dashboard\system\CodeIgniter.php(482): CodeIgniter\CodeIgniter->runController(Object(App\Controllers\Auth))
#9 D:\XAMPP\htdocs\aplic-dashboard\system\CodeIgniter.php(351): CodeIgniter\CodeIgniter->handleRequest(NULL, Object(Config\Cache), false)
#10 D:\XAMPP\htdocs\aplic-dashboard\public\index.php(67): CodeIgniter\CodeIgniter->run()
#11 D:\XAMPP\htdocs\aplic-dashboard\system\Commands\Server\rewrite.php(46): require_once('D:\\XAMPP\\htdocs...')
#12 {main}
CRITICAL - 2023-01-09 02:31:48 --> Unknown column 'username' in 'where clause'
in SYSTEMPATH\Database\MySQLi\Connection.php on line 292.
 1 SYSTEMPATH\Database\MySQLi\Connection.php(292): mysqli->query('SELECT *
FROM `user`
WHERE `username` = \'natanaelcsrio\'
 LIMIT 1', 0)
 2 SYSTEMPATH\Database\BaseConnection.php(666): CodeIgniter\Database\MySQLi\Connection->execute('SELECT *
FROM `user`
WHERE `username` = \'natanaelcsrio\'
 LIMIT 1')
 3 SYSTEMPATH\Database\BaseConnection.php(593): CodeIgniter\Database\BaseConnection->simpleQuery('SELECT *
FROM `user`
WHERE `username` = \'natanaelcsrio\'
 LIMIT 1')
 4 SYSTEMPATH\Database\BaseBuilder.php(1585): CodeIgniter\Database\BaseConnection->query('SELECT *
FROM `user`
WHERE `username` = :username:
 LIMIT 1', [...], false)
 5 SYSTEMPATH\Model.php(250): CodeIgniter\Database\BaseBuilder->get()
 6 SYSTEMPATH\BaseModel.php(623): CodeIgniter\Model->doFirst()
 7 APPPATH\Controllers\Auth.php(24): CodeIgniter\BaseModel->first()
 8 SYSTEMPATH\CodeIgniter.php(927): App\Controllers\Auth->login()
 9 SYSTEMPATH\CodeIgniter.php(482): CodeIgniter\CodeIgniter->runController(Object(App\Controllers\Auth))
10 SYSTEMPATH\CodeIgniter.php(351): CodeIgniter\CodeIgniter->handleRequest(null, Object(Config\Cache), false)
11 FCPATH\index.php(67): CodeIgniter\CodeIgniter->run()
12 SYSTEMPATH\Commands\Server\rewrite.php(46): require_once('FCPATH\\index.php')
ERROR - 2023-01-09 02:32:13 --> mysqli_sql_exception: Unknown column 'username' in 'where clause' in D:\XAMPP\htdocs\aplic-dashboard\system\Database\MySQLi\Connection.php:292
Stack trace:
#0 D:\XAMPP\htdocs\aplic-dashboard\system\Database\MySQLi\Connection.php(292): mysqli->query('SELECT *\nFROM `...', 0)
#1 D:\XAMPP\htdocs\aplic-dashboard\system\Database\BaseConnection.php(666): CodeIgniter\Database\MySQLi\Connection->execute('SELECT *\nFROM `...')
#2 D:\XAMPP\htdocs\aplic-dashboard\system\Database\BaseConnection.php(593): CodeIgniter\Database\BaseConnection->simpleQuery('SELECT *\nFROM `...')
#3 D:\XAMPP\htdocs\aplic-dashboard\system\Database\BaseBuilder.php(1585): CodeIgniter\Database\BaseConnection->query('SELECT *\nFROM `...', Array, false)
#4 D:\XAMPP\htdocs\aplic-dashboard\system\Model.php(250): CodeIgniter\Database\BaseBuilder->get()
#5 D:\XAMPP\htdocs\aplic-dashboard\system\BaseModel.php(623): CodeIgniter\Model->doFirst()
#6 D:\XAMPP\htdocs\aplic-dashboard\app\Controllers\Auth.php(24): CodeIgniter\BaseModel->first()
#7 D:\XAMPP\htdocs\aplic-dashboard\system\CodeIgniter.php(927): App\Controllers\Auth->login()
#8 D:\XAMPP\htdocs\aplic-dashboard\system\CodeIgniter.php(482): CodeIgniter\CodeIgniter->runController(Object(App\Controllers\Auth))
#9 D:\XAMPP\htdocs\aplic-dashboard\system\CodeIgniter.php(351): CodeIgniter\CodeIgniter->handleRequest(NULL, Object(Config\Cache), false)
#10 D:\XAMPP\htdocs\aplic-dashboard\public\index.php(67): CodeIgniter\CodeIgniter->run()
#11 D:\XAMPP\htdocs\aplic-dashboard\system\Commands\Server\rewrite.php(46): require_once('D:\\XAMPP\\htdocs...')
#12 {main}
CRITICAL - 2023-01-09 02:32:13 --> Unknown column 'username' in 'where clause'
in SYSTEMPATH\Database\MySQLi\Connection.php on line 292.
 1 SYSTEMPATH\Database\MySQLi\Connection.php(292): mysqli->query('SELECT *
FROM `user`
WHERE `username` = \'natanaelcsrio\'
 LIMIT 1', 0)
 2 SYSTEMPATH\Database\BaseConnection.php(666): CodeIgniter\Database\MySQLi\Connection->execute('SELECT *
FROM `user`
WHERE `username` = \'natanaelcsrio\'
 LIMIT 1')
 3 SYSTEMPATH\Database\BaseConnection.php(593): CodeIgniter\Database\BaseConnection->simpleQuery('SELECT *
FROM `user`
WHERE `username` = \'natanaelcsrio\'
 LIMIT 1')
 4 SYSTEMPATH\Database\BaseBuilder.php(1585): CodeIgniter\Database\BaseConnection->query('SELECT *
FROM `user`
WHERE `username` = :username:
 LIMIT 1', [...], false)
 5 SYSTEMPATH\Model.php(250): CodeIgniter\Database\BaseBuilder->get()
 6 SYSTEMPATH\BaseModel.php(623): CodeIgniter\Model->doFirst()
 7 APPPATH\Controllers\Auth.php(24): CodeIgniter\BaseModel->first()
 8 SYSTEMPATH\CodeIgniter.php(927): App\Controllers\Auth->login()
 9 SYSTEMPATH\CodeIgniter.php(482): CodeIgniter\CodeIgniter->runController(Object(App\Controllers\Auth))
10 SYSTEMPATH\CodeIgniter.php(351): CodeIgniter\CodeIgniter->handleRequest(null, Object(Config\Cache), false)
11 FCPATH\index.php(67): CodeIgniter\CodeIgniter->run()
12 SYSTEMPATH\Commands\Server\rewrite.php(46): require_once('FCPATH\\index.php')
ERROR - 2023-01-09 02:32:14 --> mysqli_sql_exception: Unknown column 'username' in 'where clause' in D:\XAMPP\htdocs\aplic-dashboard\system\Database\MySQLi\Connection.php:292
Stack trace:
#0 D:\XAMPP\htdocs\aplic-dashboard\system\Database\MySQLi\Connection.php(292): mysqli->query('SELECT *\nFROM `...', 0)
#1 D:\XAMPP\htdocs\aplic-dashboard\system\Database\BaseConnection.php(666): CodeIgniter\Database\MySQLi\Connection->execute('SELECT *\nFROM `...')
#2 D:\XAMPP\htdocs\aplic-dashboard\system\Database\BaseConnection.php(593): CodeIgniter\Database\BaseConnection->simpleQuery('SELECT *\nFROM `...')
#3 D:\XAMPP\htdocs\aplic-dashboard\system\Database\BaseBuilder.php(1585): CodeIgniter\Database\BaseConnection->query('SELECT *\nFROM `...', Array, false)
#4 D:\XAMPP\htdocs\aplic-dashboard\system\Model.php(250): CodeIgniter\Database\BaseBuilder->get()
#5 D:\XAMPP\htdocs\aplic-dashboard\system\BaseModel.php(623): CodeIgniter\Model->doFirst()
#6 D:\XAMPP\htdocs\aplic-dashboard\app\Controllers\Auth.php(24): CodeIgniter\BaseModel->first()
#7 D:\XAMPP\htdocs\aplic-dashboard\system\CodeIgniter.php(927): App\Controllers\Auth->login()
#8 D:\XAMPP\htdocs\aplic-dashboard\system\CodeIgniter.php(482): CodeIgniter\CodeIgniter->runController(Object(App\Controllers\Auth))
#9 D:\XAMPP\htdocs\aplic-dashboard\system\CodeIgniter.php(351): CodeIgniter\CodeIgniter->handleRequest(NULL, Object(Config\Cache), false)
#10 D:\XAMPP\htdocs\aplic-dashboard\public\index.php(67): CodeIgniter\CodeIgniter->run()
#11 D:\XAMPP\htdocs\aplic-dashboard\system\Commands\Server\rewrite.php(46): require_once('D:\\XAMPP\\htdocs...')
#12 {main}
CRITICAL - 2023-01-09 02:32:14 --> Unknown column 'username' in 'where clause'
in SYSTEMPATH\Database\MySQLi\Connection.php on line 292.
 1 SYSTEMPATH\Database\MySQLi\Connection.php(292): mysqli->query('SELECT *
FROM `user`
WHERE `username` = \'natanaelcsrio\'
 LIMIT 1', 0)
 2 SYSTEMPATH\Database\BaseConnection.php(666): CodeIgniter\Database\MySQLi\Connection->execute('SELECT *
FROM `user`
WHERE `username` = \'natanaelcsrio\'
 LIMIT 1')
 3 SYSTEMPATH\Database\BaseConnection.php(593): CodeIgniter\Database\BaseConnection->simpleQuery('SELECT *
FROM `user`
WHERE `username` = \'natanaelcsrio\'
 LIMIT 1')
 4 SYSTEMPATH\Database\BaseBuilder.php(1585): CodeIgniter\Database\BaseConnection->query('SELECT *
FROM `user`
WHERE `username` = :username:
 LIMIT 1', [...], false)
 5 SYSTEMPATH\Model.php(250): CodeIgniter\Database\BaseBuilder->get()
 6 SYSTEMPATH\BaseModel.php(623): CodeIgniter\Model->doFirst()
 7 APPPATH\Controllers\Auth.php(24): CodeIgniter\BaseModel->first()
 8 SYSTEMPATH\CodeIgniter.php(927): App\Controllers\Auth->login()
 9 SYSTEMPATH\CodeIgniter.php(482): CodeIgniter\CodeIgniter->runController(Object(App\Controllers\Auth))
10 SYSTEMPATH\CodeIgniter.php(351): CodeIgniter\CodeIgniter->handleRequest(null, Object(Config\Cache), false)
11 FCPATH\index.php(67): CodeIgniter\CodeIgniter->run()
12 SYSTEMPATH\Commands\Server\rewrite.php(46): require_once('FCPATH\\index.php')
ERROR - 2023-01-09 02:32:22 --> mysqli_sql_exception: Unknown column 'username' in 'where clause' in D:\XAMPP\htdocs\aplic-dashboard\system\Database\MySQLi\Connection.php:292
Stack trace:
#0 D:\XAMPP\htdocs\aplic-dashboard\system\Database\MySQLi\Connection.php(292): mysqli->query('SELECT *\nFROM `...', 0)
#1 D:\XAMPP\htdocs\aplic-dashboard\system\Database\BaseConnection.php(666): CodeIgniter\Database\MySQLi\Connection->execute('SELECT *\nFROM `...')
#2 D:\XAMPP\htdocs\aplic-dashboard\system\Database\BaseConnection.php(593): CodeIgniter\Database\BaseConnection->simpleQuery('SELECT *\nFROM `...')
#3 D:\XAMPP\htdocs\aplic-dashboard\system\Database\BaseBuilder.php(1585): CodeIgniter\Database\BaseConnection->query('SELECT *\nFROM `...', Array, false)
#4 D:\XAMPP\htdocs\aplic-dashboard\system\Model.php(250): CodeIgniter\Database\BaseBuilder->get()
#5 D:\XAMPP\htdocs\aplic-dashboard\system\BaseModel.php(623): CodeIgniter\Model->doFirst()
#6 D:\XAMPP\htdocs\aplic-dashboard\app\Controllers\Auth.php(24): CodeIgniter\BaseModel->first()
#7 D:\XAMPP\htdocs\aplic-dashboard\system\CodeIgniter.php(927): App\Controllers\Auth->login()
#8 D:\XAMPP\htdocs\aplic-dashboard\system\CodeIgniter.php(482): CodeIgniter\CodeIgniter->runController(Object(App\Controllers\Auth))
#9 D:\XAMPP\htdocs\aplic-dashboard\system\CodeIgniter.php(351): CodeIgniter\CodeIgniter->handleRequest(NULL, Object(Config\Cache), false)
#10 D:\XAMPP\htdocs\aplic-dashboard\public\index.php(67): CodeIgniter\CodeIgniter->run()
#11 D:\XAMPP\htdocs\aplic-dashboard\system\Commands\Server\rewrite.php(46): require_once('D:\\XAMPP\\htdocs...')
#12 {main}
CRITICAL - 2023-01-09 02:32:22 --> Unknown column 'username' in 'where clause'
in SYSTEMPATH\Database\MySQLi\Connection.php on line 292.
 1 SYSTEMPATH\Database\MySQLi\Connection.php(292): mysqli->query('SELECT *
FROM `user`
WHERE `username` = \'natanaelcsrio\'
 LIMIT 1', 0)
 2 SYSTEMPATH\Database\BaseConnection.php(666): CodeIgniter\Database\MySQLi\Connection->execute('SELECT *
FROM `user`
WHERE `username` = \'natanaelcsrio\'
 LIMIT 1')
 3 SYSTEMPATH\Database\BaseConnection.php(593): CodeIgniter\Database\BaseConnection->simpleQuery('SELECT *
FROM `user`
WHERE `username` = \'natanaelcsrio\'
 LIMIT 1')
 4 SYSTEMPATH\Database\BaseBuilder.php(1585): CodeIgniter\Database\BaseConnection->query('SELECT *
FROM `user`
WHERE `username` = :username:
 LIMIT 1', [...], false)
 5 SYSTEMPATH\Model.php(250): CodeIgniter\Database\BaseBuilder->get()
 6 SYSTEMPATH\BaseModel.php(623): CodeIgniter\Model->doFirst()
 7 APPPATH\Controllers\Auth.php(24): CodeIgniter\BaseModel->first()
 8 SYSTEMPATH\CodeIgniter.php(927): App\Controllers\Auth->login()
 9 SYSTEMPATH\CodeIgniter.php(482): CodeIgniter\CodeIgniter->runController(Object(App\Controllers\Auth))
10 SYSTEMPATH\CodeIgniter.php(351): CodeIgniter\CodeIgniter->handleRequest(null, Object(Config\Cache), false)
11 FCPATH\index.php(67): CodeIgniter\CodeIgniter->run()
12 SYSTEMPATH\Commands\Server\rewrite.php(46): require_once('FCPATH\\index.php')
ERROR - 2023-01-09 02:33:08 --> mysqli_sql_exception: Unknown column 'username' in 'where clause' in D:\XAMPP\htdocs\aplic-dashboard\system\Database\MySQLi\Connection.php:292
Stack trace:
#0 D:\XAMPP\htdocs\aplic-dashboard\system\Database\MySQLi\Connection.php(292): mysqli->query('SELECT *\nFROM `...', 0)
#1 D:\XAMPP\htdocs\aplic-dashboard\system\Database\BaseConnection.php(666): CodeIgniter\Database\MySQLi\Connection->execute('SELECT *\nFROM `...')
#2 D:\XAMPP\htdocs\aplic-dashboard\system\Database\BaseConnection.php(593): CodeIgniter\Database\BaseConnection->simpleQuery('SELECT *\nFROM `...')
#3 D:\XAMPP\htdocs\aplic-dashboard\system\Database\BaseBuilder.php(1585): CodeIgniter\Database\BaseConnection->query('SELECT *\nFROM `...', Array, false)
#4 D:\XAMPP\htdocs\aplic-dashboard\system\Model.php(185): CodeIgniter\Database\BaseBuilder->get()
#5 D:\XAMPP\htdocs\aplic-dashboard\system\BaseModel.php(524): CodeIgniter\Model->doFind(false, NULL)
#6 D:\XAMPP\htdocs\aplic-dashboard\app\Controllers\Auth.php(24): CodeIgniter\BaseModel->find()
#7 D:\XAMPP\htdocs\aplic-dashboard\system\CodeIgniter.php(927): App\Controllers\Auth->login()
#8 D:\XAMPP\htdocs\aplic-dashboard\system\CodeIgniter.php(482): CodeIgniter\CodeIgniter->runController(Object(App\Controllers\Auth))
#9 D:\XAMPP\htdocs\aplic-dashboard\system\CodeIgniter.php(351): CodeIgniter\CodeIgniter->handleRequest(NULL, Object(Config\Cache), false)
#10 D:\XAMPP\htdocs\aplic-dashboard\public\index.php(67): CodeIgniter\CodeIgniter->run()
#11 D:\XAMPP\htdocs\aplic-dashboard\system\Commands\Server\rewrite.php(46): require_once('D:\\XAMPP\\htdocs...')
#12 {main}
CRITICAL - 2023-01-09 02:33:08 --> Unknown column 'username' in 'where clause'
in SYSTEMPATH\Database\MySQLi\Connection.php on line 292.
 1 SYSTEMPATH\Database\MySQLi\Connection.php(292): mysqli->query('SELECT *
FROM `user`
WHERE `username` = \'natanaelcsrio\'', 0)
 2 SYSTEMPATH\Database\BaseConnection.php(666): CodeIgniter\Database\MySQLi\Connection->execute('SELECT *
FROM `user`
WHERE `username` = \'natanaelcsrio\'')
 3 SYSTEMPATH\Database\BaseConnection.php(593): CodeIgniter\Database\BaseConnection->simpleQuery('SELECT *
FROM `user`
WHERE `username` = \'natanaelcsrio\'')
 4 SYSTEMPATH\Database\BaseBuilder.php(1585): CodeIgniter\Database\BaseConnection->query('SELECT *
FROM `user`
WHERE `username` = :username:', [...], false)
 5 SYSTEMPATH\Model.php(185): CodeIgniter\Database\BaseBuilder->get()
 6 SYSTEMPATH\BaseModel.php(524): CodeIgniter\Model->doFind(false, null)
 7 APPPATH\Controllers\Auth.php(24): CodeIgniter\BaseModel->find()
 8 SYSTEMPATH\CodeIgniter.php(927): App\Controllers\Auth->login()
 9 SYSTEMPATH\CodeIgniter.php(482): CodeIgniter\CodeIgniter->runController(Object(App\Controllers\Auth))
10 SYSTEMPATH\CodeIgniter.php(351): CodeIgniter\CodeIgniter->handleRequest(null, Object(Config\Cache), false)
11 FCPATH\index.php(67): CodeIgniter\CodeIgniter->run()
12 SYSTEMPATH\Commands\Server\rewrite.php(46): require_once('FCPATH\\index.php')
ERROR - 2023-01-09 02:33:10 --> mysqli_sql_exception: Unknown column 'username' in 'where clause' in D:\XAMPP\htdocs\aplic-dashboard\system\Database\MySQLi\Connection.php:292
Stack trace:
#0 D:\XAMPP\htdocs\aplic-dashboard\system\Database\MySQLi\Connection.php(292): mysqli->query('SELECT *\nFROM `...', 0)
#1 D:\XAMPP\htdocs\aplic-dashboard\system\Database\BaseConnection.php(666): CodeIgniter\Database\MySQLi\Connection->execute('SELECT *\nFROM `...')
#2 D:\XAMPP\htdocs\aplic-dashboard\system\Database\BaseConnection.php(593): CodeIgniter\Database\BaseConnection->simpleQuery('SELECT *\nFROM `...')
#3 D:\XAMPP\htdocs\aplic-dashboard\system\Database\BaseBuilder.php(1585): CodeIgniter\Database\BaseConnection->query('SELECT *\nFROM `...', Array, false)
#4 D:\XAMPP\htdocs\aplic-dashboard\system\Model.php(185): CodeIgniter\Database\BaseBuilder->get()
#5 D:\XAMPP\htdocs\aplic-dashboard\system\BaseModel.php(524): CodeIgniter\Model->doFind(false, NULL)
#6 D:\XAMPP\htdocs\aplic-dashboard\app\Controllers\Auth.php(24): CodeIgniter\BaseModel->find()
#7 D:\XAMPP\htdocs\aplic-dashboard\system\CodeIgniter.php(927): App\Controllers\Auth->login()
#8 D:\XAMPP\htdocs\aplic-dashboard\system\CodeIgniter.php(482): CodeIgniter\CodeIgniter->runController(Object(App\Controllers\Auth))
#9 D:\XAMPP\htdocs\aplic-dashboard\system\CodeIgniter.php(351): CodeIgniter\CodeIgniter->handleRequest(NULL, Object(Config\Cache), false)
#10 D:\XAMPP\htdocs\aplic-dashboard\public\index.php(67): CodeIgniter\CodeIgniter->run()
#11 D:\XAMPP\htdocs\aplic-dashboard\system\Commands\Server\rewrite.php(46): require_once('D:\\XAMPP\\htdocs...')
#12 {main}
CRITICAL - 2023-01-09 02:33:10 --> Unknown column 'username' in 'where clause'
in SYSTEMPATH\Database\MySQLi\Connection.php on line 292.
 1 SYSTEMPATH\Database\MySQLi\Connection.php(292): mysqli->query('SELECT *
FROM `user`
WHERE `username` = \'natanaelcsrio\'', 0)
 2 SYSTEMPATH\Database\BaseConnection.php(666): CodeIgniter\Database\MySQLi\Connection->execute('SELECT *
FROM `user`
WHERE `username` = \'natanaelcsrio\'')
 3 SYSTEMPATH\Database\BaseConnection.php(593): CodeIgniter\Database\BaseConnection->simpleQuery('SELECT *
FROM `user`
WHERE `username` = \'natanaelcsrio\'')
 4 SYSTEMPATH\Database\BaseBuilder.php(1585): CodeIgniter\Database\BaseConnection->query('SELECT *
FROM `user`
WHERE `username` = :username:', [...], false)
 5 SYSTEMPATH\Model.php(185): CodeIgniter\Database\BaseBuilder->get()
 6 SYSTEMPATH\BaseModel.php(524): CodeIgniter\Model->doFind(false, null)
 7 APPPATH\Controllers\Auth.php(24): CodeIgniter\BaseModel->find()
 8 SYSTEMPATH\CodeIgniter.php(927): App\Controllers\Auth->login()
 9 SYSTEMPATH\CodeIgniter.php(482): CodeIgniter\CodeIgniter->runController(Object(App\Controllers\Auth))
10 SYSTEMPATH\CodeIgniter.php(351): CodeIgniter\CodeIgniter->handleRequest(null, Object(Config\Cache), false)
11 FCPATH\index.php(67): CodeIgniter\CodeIgniter->run()
12 SYSTEMPATH\Commands\Server\rewrite.php(46): require_once('FCPATH\\index.php')
ERROR - 2023-01-09 02:34:53 --> mysqli_sql_exception: Unknown column 'username' in 'where clause' in D:\XAMPP\htdocs\aplic-dashboard\system\Database\MySQLi\Connection.php:292
Stack trace:
#0 D:\XAMPP\htdocs\aplic-dashboard\system\Database\MySQLi\Connection.php(292): mysqli->query('SELECT *\nFROM `...', 0)
#1 D:\XAMPP\htdocs\aplic-dashboard\system\Database\BaseConnection.php(666): CodeIgniter\Database\MySQLi\Connection->execute('SELECT *\nFROM `...')
#2 D:\XAMPP\htdocs\aplic-dashboard\system\Database\BaseConnection.php(593): CodeIgniter\Database\BaseConnection->simpleQuery('SELECT *\nFROM `...')
#3 D:\XAMPP\htdocs\aplic-dashboard\system\Database\BaseBuilder.php(1585): CodeIgniter\Database\BaseConnection->query('SELECT *\nFROM `...', Array, false)
#4 D:\XAMPP\htdocs\aplic-dashboard\system\Model.php(250): CodeIgniter\Database\BaseBuilder->get()
#5 D:\XAMPP\htdocs\aplic-dashboard\system\BaseModel.php(623): CodeIgniter\Model->doFirst()
#6 D:\XAMPP\htdocs\aplic-dashboard\app\Controllers\Auth.php(24): CodeIgniter\BaseModel->first()
#7 D:\XAMPP\htdocs\aplic-dashboard\system\CodeIgniter.php(927): App\Controllers\Auth->login()
#8 D:\XAMPP\htdocs\aplic-dashboard\system\CodeIgniter.php(482): CodeIgniter\CodeIgniter->runController(Object(App\Controllers\Auth))
#9 D:\XAMPP\htdocs\aplic-dashboard\system\CodeIgniter.php(351): CodeIgniter\CodeIgniter->handleRequest(NULL, Object(Config\Cache), false)
#10 D:\XAMPP\htdocs\aplic-dashboard\public\index.php(67): CodeIgniter\CodeIgniter->run()
#11 D:\XAMPP\htdocs\aplic-dashboard\system\Commands\Server\rewrite.php(46): require_once('D:\\XAMPP\\htdocs...')
#12 {main}
CRITICAL - 2023-01-09 02:34:53 --> Unknown column 'username' in 'where clause'
in SYSTEMPATH\Database\MySQLi\Connection.php on line 292.
 1 SYSTEMPATH\Database\MySQLi\Connection.php(292): mysqli->query('SELECT *
FROM `user`
WHERE `username` = \'natanaelcsrio\'
AND `password` = \'natanael12\'
 LIMIT 1', 0)
 2 SYSTEMPATH\Database\BaseConnection.php(666): CodeIgniter\Database\MySQLi\Connection->execute('SELECT *
FROM `user`
WHERE `username` = \'natanaelcsrio\'
AND `password` = \'natanael12\'
 LIMIT 1')
 3 SYSTEMPATH\Database\BaseConnection.php(593): CodeIgniter\Database\BaseConnection->simpleQuery('SELECT *
FROM `user`
WHERE `username` = \'natanaelcsrio\'
AND `password` = \'natanael12\'
 LIMIT 1')
 4 SYSTEMPATH\Database\BaseBuilder.php(1585): CodeIgniter\Database\BaseConnection->query('SELECT *
FROM `user`
WHERE `username` = :username:
AND `password` = :password:
 LIMIT 1', [...], false)
 5 SYSTEMPATH\Model.php(250): CodeIgniter\Database\BaseBuilder->get()
 6 SYSTEMPATH\BaseModel.php(623): CodeIgniter\Model->doFirst()
 7 APPPATH\Controllers\Auth.php(24): CodeIgniter\BaseModel->first()
 8 SYSTEMPATH\CodeIgniter.php(927): App\Controllers\Auth->login()
 9 SYSTEMPATH\CodeIgniter.php(482): CodeIgniter\CodeIgniter->runController(Object(App\Controllers\Auth))
10 SYSTEMPATH\CodeIgniter.php(351): CodeIgniter\CodeIgniter->handleRequest(null, Object(Config\Cache), false)
11 FCPATH\index.php(67): CodeIgniter\CodeIgniter->run()
12 SYSTEMPATH\Commands\Server\rewrite.php(46): require_once('FCPATH\\index.php')
ERROR - 2023-01-09 02:35:26 --> mysqli_sql_exception: Unknown column 'username' in 'where clause' in D:\XAMPP\htdocs\aplic-dashboard\system\Database\MySQLi\Connection.php:292
Stack trace:
#0 D:\XAMPP\htdocs\aplic-dashboard\system\Database\MySQLi\Connection.php(292): mysqli->query('SELECT *\nFROM `...', 0)
#1 D:\XAMPP\htdocs\aplic-dashboard\system\Database\BaseConnection.php(666): CodeIgniter\Database\MySQLi\Connection->execute('SELECT *\nFROM `...')
#2 D:\XAMPP\htdocs\aplic-dashboard\system\Database\BaseConnection.php(593): CodeIgniter\Database\BaseConnection->simpleQuery('SELECT *\nFROM `...')
#3 D:\XAMPP\htdocs\aplic-dashboard\system\Database\BaseBuilder.php(1585): CodeIgniter\Database\BaseConnection->query('SELECT *\nFROM `...', Array, false)
#4 D:\XAMPP\htdocs\aplic-dashboard\system\Model.php(250): CodeIgniter\Database\BaseBuilder->get()
#5 D:\XAMPP\htdocs\aplic-dashboard\system\BaseModel.php(623): CodeIgniter\Model->doFirst()
#6 D:\XAMPP\htdocs\aplic-dashboard\app\Controllers\Auth.php(24): CodeIgniter\BaseModel->first()
#7 D:\XAMPP\htdocs\aplic-dashboard\system\CodeIgniter.php(927): App\Controllers\Auth->login()
#8 D:\XAMPP\htdocs\aplic-dashboard\system\CodeIgniter.php(482): CodeIgniter\CodeIgniter->runController(Object(App\Controllers\Auth))
#9 D:\XAMPP\htdocs\aplic-dashboard\system\CodeIgniter.php(351): CodeIgniter\CodeIgniter->handleRequest(NULL, Object(Config\Cache), false)
#10 D:\XAMPP\htdocs\aplic-dashboard\public\index.php(67): CodeIgniter\CodeIgniter->run()
#11 D:\XAMPP\htdocs\aplic-dashboard\system\Commands\Server\rewrite.php(46): require_once('D:\\XAMPP\\htdocs...')
#12 {main}
CRITICAL - 2023-01-09 02:35:26 --> Unknown column 'username' in 'where clause'
in SYSTEMPATH\Database\MySQLi\Connection.php on line 292.
 1 SYSTEMPATH\Database\MySQLi\Connection.php(292): mysqli->query('SELECT *
FROM `user`
WHERE `username` = \'natanaelcsrio\'
AND `password` = \'natanael12\'
 LIMIT 1', 0)
 2 SYSTEMPATH\Database\BaseConnection.php(666): CodeIgniter\Database\MySQLi\Connection->execute('SELECT *
FROM `user`
WHERE `username` = \'natanaelcsrio\'
AND `password` = \'natanael12\'
 LIMIT 1')
 3 SYSTEMPATH\Database\BaseConnection.php(593): CodeIgniter\Database\BaseConnection->simpleQuery('SELECT *
FROM `user`
WHERE `username` = \'natanaelcsrio\'
AND `password` = \'natanael12\'
 LIMIT 1')
 4 SYSTEMPATH\Database\BaseBuilder.php(1585): CodeIgniter\Database\BaseConnection->query('SELECT *
FROM `user`
WHERE `username` = :username:
AND `password` = :password:
 LIMIT 1', [...], false)
 5 SYSTEMPATH\Model.php(250): CodeIgniter\Database\BaseBuilder->get()
 6 SYSTEMPATH\BaseModel.php(623): CodeIgniter\Model->doFirst()
 7 APPPATH\Controllers\Auth.php(24): CodeIgniter\BaseModel->first()
 8 SYSTEMPATH\CodeIgniter.php(927): App\Controllers\Auth->login()
 9 SYSTEMPATH\CodeIgniter.php(482): CodeIgniter\CodeIgniter->runController(Object(App\Controllers\Auth))
10 SYSTEMPATH\CodeIgniter.php(351): CodeIgniter\CodeIgniter->handleRequest(null, Object(Config\Cache), false)
11 FCPATH\index.php(67): CodeIgniter\CodeIgniter->run()
12 SYSTEMPATH\Commands\Server\rewrite.php(46): require_once('FCPATH\\index.php')
ERROR - 2023-01-09 02:35:30 --> mysqli_sql_exception: Unknown column 'username' in 'where clause' in D:\XAMPP\htdocs\aplic-dashboard\system\Database\MySQLi\Connection.php:292
Stack trace:
#0 D:\XAMPP\htdocs\aplic-dashboard\system\Database\MySQLi\Connection.php(292): mysqli->query('SELECT *\nFROM `...', 0)
#1 D:\XAMPP\htdocs\aplic-dashboard\system\Database\BaseConnection.php(666): CodeIgniter\Database\MySQLi\Connection->execute('SELECT *\nFROM `...')
#2 D:\XAMPP\htdocs\aplic-dashboard\system\Database\BaseConnection.php(593): CodeIgniter\Database\BaseConnection->simpleQuery('SELECT *\nFROM `...')
#3 D:\XAMPP\htdocs\aplic-dashboard\system\Database\BaseBuilder.php(1585): CodeIgniter\Database\BaseConnection->query('SELECT *\nFROM `...', Array, false)
#4 D:\XAMPP\htdocs\aplic-dashboard\system\Model.php(250): CodeIgniter\Database\BaseBuilder->get()
#5 D:\XAMPP\htdocs\aplic-dashboard\system\BaseModel.php(623): CodeIgniter\Model->doFirst()
#6 D:\XAMPP\htdocs\aplic-dashboard\app\Controllers\Auth.php(24): CodeIgniter\BaseModel->first()
#7 D:\XAMPP\htdocs\aplic-dashboard\system\CodeIgniter.php(927): App\Controllers\Auth->login()
#8 D:\XAMPP\htdocs\aplic-dashboard\system\CodeIgniter.php(482): CodeIgniter\CodeIgniter->runController(Object(App\Controllers\Auth))
#9 D:\XAMPP\htdocs\aplic-dashboard\system\CodeIgniter.php(351): CodeIgniter\CodeIgniter->handleRequest(NULL, Object(Config\Cache), false)
#10 D:\XAMPP\htdocs\aplic-dashboard\public\index.php(67): CodeIgniter\CodeIgniter->run()
#11 D:\XAMPP\htdocs\aplic-dashboard\system\Commands\Server\rewrite.php(46): require_once('D:\\XAMPP\\htdocs...')
#12 {main}
CRITICAL - 2023-01-09 02:35:30 --> Unknown column 'username' in 'where clause'
in SYSTEMPATH\Database\MySQLi\Connection.php on line 292.
 1 SYSTEMPATH\Database\MySQLi\Connection.php(292): mysqli->query('SELECT *
FROM `user`
WHERE `username` = \'natanaelcsrio\'
AND `password` = \'natanael12\'
 LIMIT 1', 0)
 2 SYSTEMPATH\Database\BaseConnection.php(666): CodeIgniter\Database\MySQLi\Connection->execute('SELECT *
FROM `user`
WHERE `username` = \'natanaelcsrio\'
AND `password` = \'natanael12\'
 LIMIT 1')
 3 SYSTEMPATH\Database\BaseConnection.php(593): CodeIgniter\Database\BaseConnection->simpleQuery('SELECT *
FROM `user`
WHERE `username` = \'natanaelcsrio\'
AND `password` = \'natanael12\'
 LIMIT 1')
 4 SYSTEMPATH\Database\BaseBuilder.php(1585): CodeIgniter\Database\BaseConnection->query('SELECT *
FROM `user`
WHERE `username` = :username:
AND `password` = :password:
 LIMIT 1', [...], false)
 5 SYSTEMPATH\Model.php(250): CodeIgniter\Database\BaseBuilder->get()
 6 SYSTEMPATH\BaseModel.php(623): CodeIgniter\Model->doFirst()
 7 APPPATH\Controllers\Auth.php(24): CodeIgniter\BaseModel->first()
 8 SYSTEMPATH\CodeIgniter.php(927): App\Controllers\Auth->login()
 9 SYSTEMPATH\CodeIgniter.php(482): CodeIgniter\CodeIgniter->runController(Object(App\Controllers\Auth))
10 SYSTEMPATH\CodeIgniter.php(351): CodeIgniter\CodeIgniter->handleRequest(null, Object(Config\Cache), false)
11 FCPATH\index.php(67): CodeIgniter\CodeIgniter->run()
12 SYSTEMPATH\Commands\Server\rewrite.php(46): require_once('FCPATH\\index.php')
ERROR - 2023-01-09 02:36:00 --> mysqli_sql_exception: Unknown column 'username' in 'where clause' in D:\XAMPP\htdocs\aplic-dashboard\system\Database\MySQLi\Connection.php:292
Stack trace:
#0 D:\XAMPP\htdocs\aplic-dashboard\system\Database\MySQLi\Connection.php(292): mysqli->query('SELECT *\nFROM `...', 0)
#1 D:\XAMPP\htdocs\aplic-dashboard\system\Database\BaseConnection.php(666): CodeIgniter\Database\MySQLi\Connection->execute('SELECT *\nFROM `...')
#2 D:\XAMPP\htdocs\aplic-dashboard\system\Database\BaseConnection.php(593): CodeIgniter\Database\BaseConnection->simpleQuery('SELECT *\nFROM `...')
#3 D:\XAMPP\htdocs\aplic-dashboard\system\Database\BaseBuilder.php(1585): CodeIgniter\Database\BaseConnection->query('SELECT *\nFROM `...', Array, false)
#4 D:\XAMPP\htdocs\aplic-dashboard\system\Model.php(250): CodeIgniter\Database\BaseBuilder->get()
#5 D:\XAMPP\htdocs\aplic-dashboard\system\BaseModel.php(623): CodeIgniter\Model->doFirst()
#6 D:\XAMPP\htdocs\aplic-dashboard\app\Controllers\Auth.php(24): CodeIgniter\BaseModel->first()
#7 D:\XAMPP\htdocs\aplic-dashboard\system\CodeIgniter.php(927): App\Controllers\Auth->login()
#8 D:\XAMPP\htdocs\aplic-dashboard\system\CodeIgniter.php(482): CodeIgniter\CodeIgniter->runController(Object(App\Controllers\Auth))
#9 D:\XAMPP\htdocs\aplic-dashboard\system\CodeIgniter.php(351): CodeIgniter\CodeIgniter->handleRequest(NULL, Object(Config\Cache), false)
#10 D:\XAMPP\htdocs\aplic-dashboard\public\index.php(67): CodeIgniter\CodeIgniter->run()
#11 D:\XAMPP\htdocs\aplic-dashboard\system\Commands\Server\rewrite.php(46): require_once('D:\\XAMPP\\htdocs...')
#12 {main}
CRITICAL - 2023-01-09 02:36:00 --> Unknown column 'username' in 'where clause'
in SYSTEMPATH\Database\MySQLi\Connection.php on line 292.
 1 SYSTEMPATH\Database\MySQLi\Connection.php(292): mysqli->query('SELECT *
FROM `user`
WHERE `username` = \'natanaelcsrio\'
AND `password` = \'natanael12\'
 LIMIT 1', 0)
 2 SYSTEMPATH\Database\BaseConnection.php(666): CodeIgniter\Database\MySQLi\Connection->execute('SELECT *
FROM `user`
WHERE `username` = \'natanaelcsrio\'
AND `password` = \'natanael12\'
 LIMIT 1')
 3 SYSTEMPATH\Database\BaseConnection.php(593): CodeIgniter\Database\BaseConnection->simpleQuery('SELECT *
FROM `user`
WHERE `username` = \'natanaelcsrio\'
AND `password` = \'natanael12\'
 LIMIT 1')
 4 SYSTEMPATH\Database\BaseBuilder.php(1585): CodeIgniter\Database\BaseConnection->query('SELECT *
FROM `user`
WHERE `username` = :username:
AND `password` = :password:
 LIMIT 1', [...], false)
 5 SYSTEMPATH\Model.php(250): CodeIgniter\Database\BaseBuilder->get()
 6 SYSTEMPATH\BaseModel.php(623): CodeIgniter\Model->doFirst()
 7 APPPATH\Controllers\Auth.php(24): CodeIgniter\BaseModel->first()
 8 SYSTEMPATH\CodeIgniter.php(927): App\Controllers\Auth->login()
 9 SYSTEMPATH\CodeIgniter.php(482): CodeIgniter\CodeIgniter->runController(Object(App\Controllers\Auth))
10 SYSTEMPATH\CodeIgniter.php(351): CodeIgniter\CodeIgniter->handleRequest(null, Object(Config\Cache), false)
11 FCPATH\index.php(67): CodeIgniter\CodeIgniter->run()
12 SYSTEMPATH\Commands\Server\rewrite.php(46): require_once('FCPATH\\index.php')
CRITICAL - 2023-01-09 02:52:52 --> Call to a member function has() on null
in APPPATH\Controllers\Home.php on line 11.
 1 SYSTEMPATH\CodeIgniter.php(889): App\Controllers\Home->__construct()
 2 SYSTEMPATH\CodeIgniter.php(473): CodeIgniter\CodeIgniter->createController()
 3 SYSTEMPATH\CodeIgniter.php(351): CodeIgniter\CodeIgniter->handleRequest(null, Object(Config\Cache), false)
 4 FCPATH\index.php(67): CodeIgniter\CodeIgniter->run()
 5 SYSTEMPATH\Commands\Server\rewrite.php(46): require_once('FCPATH\\index.php')
CRITICAL - 2023-01-09 02:53:10 --> Call to a member function has() on null
in APPPATH\Controllers\Home.php on line 11.
 1 SYSTEMPATH\CodeIgniter.php(889): App\Controllers\Home->__construct()
 2 SYSTEMPATH\CodeIgniter.php(473): CodeIgniter\CodeIgniter->createController()
 3 SYSTEMPATH\CodeIgniter.php(351): CodeIgniter\CodeIgniter->handleRequest(null, Object(Config\Cache), false)
 4 FCPATH\index.php(67): CodeIgniter\CodeIgniter->run()
 5 SYSTEMPATH\Commands\Server\rewrite.php(46): require_once('FCPATH\\index.php')
CRITICAL - 2023-01-09 02:57:13 --> Call to a member function has() on null
in APPPATH\Controllers\Home.php on line 11.
 1 SYSTEMPATH\CodeIgniter.php(889): App\Controllers\Home->__construct()
 2 SYSTEMPATH\CodeIgniter.php(473): CodeIgniter\CodeIgniter->createController()
 3 SYSTEMPATH\CodeIgniter.php(351): CodeIgniter\CodeIgniter->handleRequest(null, Object(Config\Cache), false)
 4 FCPATH\index.php(67): CodeIgniter\CodeIgniter->run()
 5 SYSTEMPATH\Commands\Server\rewrite.php(46): require_once('FCPATH\\index.php')
CRITICAL - 2023-01-09 02:57:23 --> Call to a member function get() on null
in APPPATH\Controllers\Home.php on line 11.
 1 SYSTEMPATH\CodeIgniter.php(889): App\Controllers\Home->__construct()
 2 SYSTEMPATH\CodeIgniter.php(473): CodeIgniter\CodeIgniter->createController()
 3 SYSTEMPATH\CodeIgniter.php(351): CodeIgniter\CodeIgniter->handleRequest(null, Object(Config\Cache), false)
 4 FCPATH\index.php(67): CodeIgniter\CodeIgniter->run()
 5 SYSTEMPATH\Commands\Server\rewrite.php(46): require_once('FCPATH\\index.php')
CRITICAL - 2023-01-09 02:57:28 --> Call to a member function get() on null
in APPPATH\Controllers\Home.php on line 11.
 1 SYSTEMPATH\CodeIgniter.php(889): App\Controllers\Home->__construct()
 2 SYSTEMPATH\CodeIgniter.php(473): CodeIgniter\CodeIgniter->createController()
 3 SYSTEMPATH\CodeIgniter.php(351): CodeIgniter\CodeIgniter->handleRequest(null, Object(Config\Cache), false)
 4 FCPATH\index.php(67): CodeIgniter\CodeIgniter->run()
 5 SYSTEMPATH\Commands\Server\rewrite.php(46): require_once('FCPATH\\index.php')
CRITICAL - 2023-01-09 02:57:38 --> Call to a member function get() on null
in APPPATH\Controllers\Home.php on line 11.
 1 SYSTEMPATH\CodeIgniter.php(889): App\Controllers\Home->__construct()
 2 SYSTEMPATH\CodeIgniter.php(473): CodeIgniter\CodeIgniter->createController()
 3 SYSTEMPATH\CodeIgniter.php(351): CodeIgniter\CodeIgniter->handleRequest(null, Object(Config\Cache), false)
 4 FCPATH\index.php(67): CodeIgniter\CodeIgniter->run()
 5 SYSTEMPATH\Commands\Server\rewrite.php(46): require_once('FCPATH\\index.php')
CRITICAL - 2023-01-09 02:57:42 --> Call to a member function get() on null
in APPPATH\Controllers\Home.php on line 11.
 1 SYSTEMPATH\CodeIgniter.php(889): App\Controllers\Home->__construct()
 2 SYSTEMPATH\CodeIgniter.php(473): CodeIgniter\CodeIgniter->createController()
 3 SYSTEMPATH\CodeIgniter.php(351): CodeIgniter\CodeIgniter->handleRequest(null, Object(Config\Cache), false)
 4 FCPATH\index.php(67): CodeIgniter\CodeIgniter->run()
 5 SYSTEMPATH\Commands\Server\rewrite.php(46): require_once('FCPATH\\index.php')
CRITICAL - 2023-01-09 03:14:35 --> Call to undefined function App\Controllers\is_logged_in()
in APPPATH\Controllers\Home.php on line 11.
 1 SYSTEMPATH\CodeIgniter.php(889): App\Controllers\Home->__construct()
 2 SYSTEMPATH\CodeIgniter.php(473): CodeIgniter\CodeIgniter->createController()
 3 SYSTEMPATH\CodeIgniter.php(351): CodeIgniter\CodeIgniter->handleRequest(null, Object(Config\Cache), false)
 4 FCPATH\index.php(67): CodeIgniter\CodeIgniter->run()
 5 SYSTEMPATH\Commands\Server\rewrite.php(46): require_once('FCPATH\\index.php')
CRITICAL - 2023-01-09 03:20:49 --> Call to undefined function App\Controllers\is_logged_in()
in APPPATH\Controllers\Home.php on line 19.
 1 SYSTEMPATH\CodeIgniter.php(927): App\Controllers\Home->index()
 2 SYSTEMPATH\CodeIgniter.php(482): CodeIgniter\CodeIgniter->runController(Object(App\Controllers\Home))
 3 SYSTEMPATH\CodeIgniter.php(351): CodeIgniter\CodeIgniter->handleRequest(null, Object(Config\Cache), false)
 4 FCPATH\index.php(67): CodeIgniter\CodeIgniter->run()
 5 SYSTEMPATH\Commands\Server\rewrite.php(46): require_once('FCPATH\\index.php')
CRITICAL - 2023-01-09 03:23:57 --> Call to undefined function App\Controllers\checklogin()
in APPPATH\Controllers\Home.php on line 11.
 1 SYSTEMPATH\CodeIgniter.php(889): App\Controllers\Home->__construct()
 2 SYSTEMPATH\CodeIgniter.php(473): CodeIgniter\CodeIgniter->createController()
 3 SYSTEMPATH\CodeIgniter.php(351): CodeIgniter\CodeIgniter->handleRequest(null, Object(Config\Cache), false)
 4 FCPATH\index.php(67): CodeIgniter\CodeIgniter->run()
 5 SYSTEMPATH\Commands\Server\rewrite.php(46): require_once('FCPATH\\index.php')
CRITICAL - 2023-01-09 03:27:33 --> Cannot call constructor
in APPPATH\Controllers\Home.php on line 11.
 1 SYSTEMPATH\CodeIgniter.php(889): App\Controllers\Home->__construct()
 2 SYSTEMPATH\CodeIgniter.php(473): CodeIgniter\CodeIgniter->createController()
 3 SYSTEMPATH\CodeIgniter.php(351): CodeIgniter\CodeIgniter->handleRequest(null, Object(Config\Cache), false)
 4 FCPATH\index.php(67): CodeIgniter\CodeIgniter->run()
 5 SYSTEMPATH\Commands\Server\rewrite.php(46): require_once('FCPATH\\index.php')
CRITICAL - 2023-01-09 03:28:49 --> Call to undefined function App\Controllers\checklogin()
in APPPATH\Controllers\BaseController.php on line 26.
 1 SYSTEMPATH\CodeIgniter.php(889): App\Controllers\BaseController->__construct()
 2 SYSTEMPATH\CodeIgniter.php(473): CodeIgniter\CodeIgniter->createController()
 3 SYSTEMPATH\CodeIgniter.php(351): CodeIgniter\CodeIgniter->handleRequest(null, Object(Config\Cache), false)
 4 FCPATH\index.php(67): CodeIgniter\CodeIgniter->run()
 5 SYSTEMPATH\Commands\Server\rewrite.php(46): require_once('FCPATH\\index.php')
CRITICAL - 2023-01-09 03:31:55 --> Call to undefined function App\Controllers\checklogin()
in APPPATH\Controllers\Home.php on line 13.
 1 SYSTEMPATH\CodeIgniter.php(889): App\Controllers\Home->__construct()
 2 SYSTEMPATH\CodeIgniter.php(473): CodeIgniter\CodeIgniter->createController()
 3 SYSTEMPATH\CodeIgniter.php(351): CodeIgniter\CodeIgniter->handleRequest(null, Object(Config\Cache), false)
 4 FCPATH\index.php(67): CodeIgniter\CodeIgniter->run()
 5 SYSTEMPATH\Commands\Server\rewrite.php(46): require_once('FCPATH\\index.php')
CRITICAL - 2023-01-09 03:49:05 --> isLoggedIn filter must have a matching alias defined.
in SYSTEMPATH\Filters\Filters.php on line 493.
 1 SYSTEMPATH\Filters\Filters.php(493): CodeIgniter\Filters\Exceptions\FilterException::forNoAlias('isLoggedIn')
 2 SYSTEMPATH\Filters\Filters.php(243): CodeIgniter\Filters\Filters->processAliasesToClass('before')
 3 SYSTEMPATH\Filters\Filters.php(163): CodeIgniter\Filters\Filters->initialize('D:\\')
 4 SYSTEMPATH\CodeIgniter.php(455): CodeIgniter\Filters\Filters->run('D:\\', 'before')
 5 SYSTEMPATH\CodeIgniter.php(351): CodeIgniter\CodeIgniter->handleRequest(null, Object(Config\Cache), false)
 6 FCPATH\index.php(67): CodeIgniter\CodeIgniter->run()
 7 SYSTEMPATH\Commands\Server\rewrite.php(46): require_once('FCPATH\\index.php')
