ERROR - 2022-12-22 23:55:48 --> Error connecting to the database: mysqli_sql_exception: Unknown database 'aplic' in D:\XAMPP\htdocs\aplic-dashboard\system\Database\MySQLi\Connection.php:171
Stack trace:
#0 D:\XAMPP\htdocs\aplic-dashboard\system\Database\MySQLi\Connection.php(171): mysqli->real_connect('localhost', 'root', '', 'aplic', 3306, '', 0)
#1 D:\XAMPP\htdocs\aplic-dashboard\system\Database\BaseConnection.php(382): CodeIgniter\Database\MySQLi\Connection->connect(false)
#2 D:\XAMPP\htdocs\aplic-dashboard\system\Database\BaseConnection.php(561): CodeIgniter\Database\BaseConnection->initialize()
#3 D:\XAMPP\htdocs\aplic-dashboard\system\Database\BaseBuilder.php(1585): CodeIgniter\Database\BaseConnection->query('SELECT *\nFROM `...', Array, false)
#4 D:\XAMPP\htdocs\aplic-dashboard\system\Model.php(223): CodeIgniter\Database\BaseBuilder->get()
#5 D:\XAMPP\htdocs\aplic-dashboard\system\BaseModel.php(585): CodeIgniter\Model->doFindAll(0, 0)
#6 D:\XAMPP\htdocs\aplic-dashboard\app\Controllers\Dashboard.php(38): CodeIgniter\BaseModel->findAll()
#7 D:\XAMPP\htdocs\aplic-dashboard\system\CodeIgniter.php(927): App\Controllers\Dashboard->getAll()
#8 D:\XAMPP\htdocs\aplic-dashboard\system\CodeIgniter.php(482): CodeIgniter\CodeIgniter->runController(Object(App\Controllers\Dashboard))
#9 D:\XAMPP\htdocs\aplic-dashboard\system\CodeIgniter.php(351): CodeIgniter\CodeIgniter->handleRequest(NULL, Object(Config\Cache), false)
#10 D:\XAMPP\htdocs\aplic-dashboard\public\index.php(67): CodeIgniter\CodeIgniter->run()
#11 D:\XAMPP\htdocs\aplic-dashboard\system\Commands\Server\rewrite.php(46): require_once('D:\\XAMPP\\htdocs...')
#12 {main}

Next CodeIgniter\Database\Exceptions\DatabaseException: Unknown database 'aplic' in D:\XAMPP\htdocs\aplic-dashboard\system\Database\MySQLi\Connection.php:215
Stack trace:
#0 D:\XAMPP\htdocs\aplic-dashboard\system\Database\BaseConnection.php(382): CodeIgniter\Database\MySQLi\Connection->connect(false)
#1 D:\XAMPP\htdocs\aplic-dashboard\system\Database\BaseConnection.php(561): CodeIgniter\Database\BaseConnection->initialize()
#2 D:\XAMPP\htdocs\aplic-dashboard\system\Database\BaseBuilder.php(1585): CodeIgniter\Database\BaseConnection->query('SELECT *\nFROM `...', Array, false)
#3 D:\XAMPP\htdocs\aplic-dashboard\system\Model.php(223): CodeIgniter\Database\BaseBuilder->get()
#4 D:\XAMPP\htdocs\aplic-dashboard\system\BaseModel.php(585): CodeIgniter\Model->doFindAll(0, 0)
#5 D:\XAMPP\htdocs\aplic-dashboard\app\Controllers\Dashboard.php(38): CodeIgniter\BaseModel->findAll()
#6 D:\XAMPP\htdocs\aplic-dashboard\system\CodeIgniter.php(927): App\Controllers\Dashboard->getAll()
#7 D:\XAMPP\htdocs\aplic-dashboard\system\CodeIgniter.php(482): CodeIgniter\CodeIgniter->runController(Object(App\Controllers\Dashboard))
#8 D:\XAMPP\htdocs\aplic-dashboard\system\CodeIgniter.php(351): CodeIgniter\CodeIgniter->handleRequest(NULL, Object(Config\Cache), false)
#9 D:\XAMPP\htdocs\aplic-dashboard\public\index.php(67): CodeIgniter\CodeIgniter->run()
#10 D:\XAMPP\htdocs\aplic-dashboard\system\Commands\Server\rewrite.php(46): require_once('D:\\XAMPP\\htdocs...')
#11 {main}
CRITICAL - 2022-12-22 23:55:48 --> Unable to connect to the database.
Main connection [MySQLi]: Unknown database 'aplic'
in SYSTEMPATH\Database\BaseConnection.php on line 418.
 1 SYSTEMPATH\Database\BaseConnection.php(561): CodeIgniter\Database\BaseConnection->initialize()
 2 SYSTEMPATH\Database\BaseBuilder.php(1585): CodeIgniter\Database\BaseConnection->query('SELECT *
FROM `employee`', [], false)
 3 SYSTEMPATH\Model.php(223): CodeIgniter\Database\BaseBuilder->get()
 4 SYSTEMPATH\BaseModel.php(585): CodeIgniter\Model->doFindAll(0, 0)
 5 APPPATH\Controllers\Dashboard.php(38): CodeIgniter\BaseModel->findAll()
 6 SYSTEMPATH\CodeIgniter.php(927): App\Controllers\Dashboard->getAll()
 7 SYSTEMPATH\CodeIgniter.php(482): CodeIgniter\CodeIgniter->runController(Object(App\Controllers\Dashboard))
 8 SYSTEMPATH\CodeIgniter.php(351): CodeIgniter\CodeIgniter->handleRequest(null, Object(Config\Cache), false)
 9 FCPATH\index.php(67): CodeIgniter\CodeIgniter->run()
10 SYSTEMPATH\Commands\Server\rewrite.php(46): require_once('FCPATH\\index.php')
ERROR - 2022-12-22 23:56:17 --> Error connecting to the database: mysqli_sql_exception: Unknown database 'aplic' in D:\XAMPP\htdocs\aplic-dashboard\system\Database\MySQLi\Connection.php:171
Stack trace:
#0 D:\XAMPP\htdocs\aplic-dashboard\system\Database\MySQLi\Connection.php(171): mysqli->real_connect('localhost', 'root', '', 'aplic', 3306, '', 0)
#1 D:\XAMPP\htdocs\aplic-dashboard\system\Database\BaseConnection.php(382): CodeIgniter\Database\MySQLi\Connection->connect(false)
#2 D:\XAMPP\htdocs\aplic-dashboard\system\Database\BaseConnection.php(561): CodeIgniter\Database\BaseConnection->initialize()
#3 D:\XAMPP\htdocs\aplic-dashboard\system\Database\BaseBuilder.php(1585): CodeIgniter\Database\BaseConnection->query('SELECT *\nFROM `...', Array, false)
#4 D:\XAMPP\htdocs\aplic-dashboard\system\Model.php(223): CodeIgniter\Database\BaseBuilder->get()
#5 D:\XAMPP\htdocs\aplic-dashboard\system\BaseModel.php(585): CodeIgniter\Model->doFindAll(0, 0)
#6 D:\XAMPP\htdocs\aplic-dashboard\app\Controllers\Dashboard.php(38): CodeIgniter\BaseModel->findAll()
#7 D:\XAMPP\htdocs\aplic-dashboard\system\CodeIgniter.php(927): App\Controllers\Dashboard->getAll()
#8 D:\XAMPP\htdocs\aplic-dashboard\system\CodeIgniter.php(482): CodeIgniter\CodeIgniter->runController(Object(App\Controllers\Dashboard))
#9 D:\XAMPP\htdocs\aplic-dashboard\system\CodeIgniter.php(351): CodeIgniter\CodeIgniter->handleRequest(NULL, Object(Config\Cache), false)
#10 D:\XAMPP\htdocs\aplic-dashboard\public\index.php(67): CodeIgniter\CodeIgniter->run()
#11 D:\XAMPP\htdocs\aplic-dashboard\system\Commands\Server\rewrite.php(46): require_once('D:\\XAMPP\\htdocs...')
#12 {main}

Next CodeIgniter\Database\Exceptions\DatabaseException: Unknown database 'aplic' in D:\XAMPP\htdocs\aplic-dashboard\system\Database\MySQLi\Connection.php:215
Stack trace:
#0 D:\XAMPP\htdocs\aplic-dashboard\system\Database\BaseConnection.php(382): CodeIgniter\Database\MySQLi\Connection->connect(false)
#1 D:\XAMPP\htdocs\aplic-dashboard\system\Database\BaseConnection.php(561): CodeIgniter\Database\BaseConnection->initialize()
#2 D:\XAMPP\htdocs\aplic-dashboard\system\Database\BaseBuilder.php(1585): CodeIgniter\Database\BaseConnection->query('SELECT *\nFROM `...', Array, false)
#3 D:\XAMPP\htdocs\aplic-dashboard\system\Model.php(223): CodeIgniter\Database\BaseBuilder->get()
#4 D:\XAMPP\htdocs\aplic-dashboard\system\BaseModel.php(585): CodeIgniter\Model->doFindAll(0, 0)
#5 D:\XAMPP\htdocs\aplic-dashboard\app\Controllers\Dashboard.php(38): CodeIgniter\BaseModel->findAll()
#6 D:\XAMPP\htdocs\aplic-dashboard\system\CodeIgniter.php(927): App\Controllers\Dashboard->getAll()
#7 D:\XAMPP\htdocs\aplic-dashboard\system\CodeIgniter.php(482): CodeIgniter\CodeIgniter->runController(Object(App\Controllers\Dashboard))
#8 D:\XAMPP\htdocs\aplic-dashboard\system\CodeIgniter.php(351): CodeIgniter\CodeIgniter->handleRequest(NULL, Object(Config\Cache), false)
#9 D:\XAMPP\htdocs\aplic-dashboard\public\index.php(67): CodeIgniter\CodeIgniter->run()
#10 D:\XAMPP\htdocs\aplic-dashboard\system\Commands\Server\rewrite.php(46): require_once('D:\\XAMPP\\htdocs...')
#11 {main}
CRITICAL - 2022-12-22 23:56:17 --> Unable to connect to the database.
Main connection [MySQLi]: Unknown database 'aplic'
in SYSTEMPATH\Database\BaseConnection.php on line 418.
 1 SYSTEMPATH\Database\BaseConnection.php(561): CodeIgniter\Database\BaseConnection->initialize()
 2 SYSTEMPATH\Database\BaseBuilder.php(1585): CodeIgniter\Database\BaseConnection->query('SELECT *
FROM `employee`', [], false)
 3 SYSTEMPATH\Model.php(223): CodeIgniter\Database\BaseBuilder->get()
 4 SYSTEMPATH\BaseModel.php(585): CodeIgniter\Model->doFindAll(0, 0)
 5 APPPATH\Controllers\Dashboard.php(38): CodeIgniter\BaseModel->findAll()
 6 SYSTEMPATH\CodeIgniter.php(927): App\Controllers\Dashboard->getAll()
 7 SYSTEMPATH\CodeIgniter.php(482): CodeIgniter\CodeIgniter->runController(Object(App\Controllers\Dashboard))
 8 SYSTEMPATH\CodeIgniter.php(351): CodeIgniter\CodeIgniter->handleRequest(null, Object(Config\Cache), false)
 9 FCPATH\index.php(67): CodeIgniter\CodeIgniter->run()
10 SYSTEMPATH\Commands\Server\rewrite.php(46): require_once('FCPATH\\index.php')
