ERROR - 2023-01-08 08:28:30 --> mysqli_sql_exception: Duplicate entry '' for key 'PRIMARY' in D:\XAMPP\htdocs\aplic-dashboard\system\Database\MySQLi\Connection.php:292
Stack trace:
#0 D:\XAMPP\htdocs\aplic-dashboard\system\Database\MySQLi\Connection.php(292): mysqli->query('INSERT INTO `us...', 0)
#1 D:\XAMPP\htdocs\aplic-dashboard\system\Database\BaseConnection.php(666): CodeIgniter\Database\MySQLi\Connection->execute('INSERT INTO `us...')
#2 D:\XAMPP\htdocs\aplic-dashboard\system\Database\BaseConnection.php(593): CodeIgniter\Database\BaseConnection->simpleQuery('INSERT INTO `us...')
#3 D:\XAMPP\htdocs\aplic-dashboard\system\Database\BaseBuilder.php(1916): CodeIgniter\Database\BaseConnection->query('INSERT INTO `us...', Array, false)
#4 D:\XAMPP\htdocs\aplic-dashboard\system\Model.php(279): CodeIgniter\Database\BaseBuilder->insert()
#5 D:\XAMPP\htdocs\aplic-dashboard\system\BaseModel.php(749): CodeIgniter\Model->doInsert(Array)
#6 D:\XAMPP\htdocs\aplic-dashboard\system\Model.php(667): CodeIgniter\BaseModel->insert(Array, true)
#7 D:\XAMPP\htdocs\aplic-dashboard\app\Controllers\User.php(115): CodeIgniter\Model->insert(Array)
#8 D:\XAMPP\htdocs\aplic-dashboard\system\CodeIgniter.php(927): App\Controllers\User->add()
#9 D:\XAMPP\htdocs\aplic-dashboard\system\CodeIgniter.php(482): CodeIgniter\CodeIgniter->runController(Object(App\Controllers\User))
#10 D:\XAMPP\htdocs\aplic-dashboard\system\CodeIgniter.php(351): CodeIgniter\CodeIgniter->handleRequest(NULL, Object(Config\Cache), false)
#11 D:\XAMPP\htdocs\aplic-dashboard\public\index.php(67): CodeIgniter\CodeIgniter->run()
#12 D:\XAMPP\htdocs\aplic-dashboard\system\Commands\Server\rewrite.php(46): require_once('D:\\XAMPP\\htdocs...')
#13 {main}
CRITICAL - 2023-01-08 08:28:30 --> Duplicate entry '' for key 'PRIMARY'
in SYSTEMPATH\Database\MySQLi\Connection.php on line 292.
 1 SYSTEMPATH\Database\MySQLi\Connection.php(292): mysqli->query('INSERT INTO `user` (`user_name`, `user_email`, `user_password`, `user_date`, `user_phone`, `user_address`, `user_type`, `user_status`) VALUES (\'test\', \'natanael.pasaribu@is-gs.com\', \'natanael12\', \'2023-01-09\', \'081259188983\', \'Indonesia\', \'new\', \'new\')', 0)
 2 SYSTEMPATH\Database\BaseConnection.php(666): CodeIgniter\Database\MySQLi\Connection->execute('INSERT INTO `user` (`user_name`, `user_email`, `user_password`, `user_date`, `user_phone`, `user_address`, `user_type`, `user_status`) VALUES (\'test\', \'natanael.pasaribu@is-gs.com\', \'natanael12\', \'2023-01-09\', \'081259188983\', \'Indonesia\', \'new\', \'new\')')
 3 SYSTEMPATH\Database\BaseConnection.php(593): CodeIgniter\Database\BaseConnection->simpleQuery('INSERT INTO `user` (`user_name`, `user_email`, `user_password`, `user_date`, `user_phone`, `user_address`, `user_type`, `user_status`) VALUES (\'test\', \'natanael.pasaribu@is-gs.com\', \'natanael12\', \'2023-01-09\', \'081259188983\', \'Indonesia\', \'new\', \'new\')')
 4 SYSTEMPATH\Database\BaseBuilder.php(1916): CodeIgniter\Database\BaseConnection->query('INSERT INTO `user` (`user_name`, `user_email`, `user_password`, `user_date`, `user_phone`, `user_address`, `user_type`, `user_status`) VALUES (:user_name:, :user_email:, :user_password:, :user_date:, :user_phone:, :user_address:, :user_type:, :user_status:)', [...], false)
 5 SYSTEMPATH\Model.php(279): CodeIgniter\Database\BaseBuilder->insert()
 6 SYSTEMPATH\BaseModel.php(749): CodeIgniter\Model->doInsert([...])
 7 SYSTEMPATH\Model.php(667): CodeIgniter\BaseModel->insert([...], true)
 8 APPPATH\Controllers\User.php(115): CodeIgniter\Model->insert([...])
 9 SYSTEMPATH\CodeIgniter.php(927): App\Controllers\User->add()
10 SYSTEMPATH\CodeIgniter.php(482): CodeIgniter\CodeIgniter->runController(Object(App\Controllers\User))
11 SYSTEMPATH\CodeIgniter.php(351): CodeIgniter\CodeIgniter->handleRequest(null, Object(Config\Cache), false)
12 FCPATH\index.php(67): CodeIgniter\CodeIgniter->run()
13 SYSTEMPATH\Commands\Server\rewrite.php(46): require_once('FCPATH\\index.php')
ERROR - 2023-01-08 08:28:57 --> mysqli_sql_exception: Duplicate entry '' for key 'PRIMARY' in D:\XAMPP\htdocs\aplic-dashboard\system\Database\MySQLi\Connection.php:292
Stack trace:
#0 D:\XAMPP\htdocs\aplic-dashboard\system\Database\MySQLi\Connection.php(292): mysqli->query('INSERT INTO `us...', 0)
#1 D:\XAMPP\htdocs\aplic-dashboard\system\Database\BaseConnection.php(666): CodeIgniter\Database\MySQLi\Connection->execute('INSERT INTO `us...')
#2 D:\XAMPP\htdocs\aplic-dashboard\system\Database\BaseConnection.php(593): CodeIgniter\Database\BaseConnection->simpleQuery('INSERT INTO `us...')
#3 D:\XAMPP\htdocs\aplic-dashboard\system\Database\BaseBuilder.php(1916): CodeIgniter\Database\BaseConnection->query('INSERT INTO `us...', Array, false)
#4 D:\XAMPP\htdocs\aplic-dashboard\system\Model.php(279): CodeIgniter\Database\BaseBuilder->insert()
#5 D:\XAMPP\htdocs\aplic-dashboard\system\BaseModel.php(749): CodeIgniter\Model->doInsert(Array)
#6 D:\XAMPP\htdocs\aplic-dashboard\system\Model.php(667): CodeIgniter\BaseModel->insert(Array, true)
#7 D:\XAMPP\htdocs\aplic-dashboard\app\Controllers\User.php(115): CodeIgniter\Model->insert(Array)
#8 D:\XAMPP\htdocs\aplic-dashboard\system\CodeIgniter.php(927): App\Controllers\User->add()
#9 D:\XAMPP\htdocs\aplic-dashboard\system\CodeIgniter.php(482): CodeIgniter\CodeIgniter->runController(Object(App\Controllers\User))
#10 D:\XAMPP\htdocs\aplic-dashboard\system\CodeIgniter.php(351): CodeIgniter\CodeIgniter->handleRequest(NULL, Object(Config\Cache), false)
#11 D:\XAMPP\htdocs\aplic-dashboard\public\index.php(67): CodeIgniter\CodeIgniter->run()
#12 D:\XAMPP\htdocs\aplic-dashboard\system\Commands\Server\rewrite.php(46): require_once('D:\\XAMPP\\htdocs...')
#13 {main}
CRITICAL - 2023-01-08 08:28:57 --> Duplicate entry '' for key 'PRIMARY'
in SYSTEMPATH\Database\MySQLi\Connection.php on line 292.
 1 SYSTEMPATH\Database\MySQLi\Connection.php(292): mysqli->query('INSERT INTO `user` (`user_name`, `user_email`, `user_password`, `user_date`, `user_phone`, `user_address`, `user_type`, `user_status`) VALUES (\'test\', \'natanael.pasaribu@is-gs.com\', \'natanael12\', \'2023-01-09\', \'081259188983\', \'Indonesia\', \'new\', \'new\')', 0)
 2 SYSTEMPATH\Database\BaseConnection.php(666): CodeIgniter\Database\MySQLi\Connection->execute('INSERT INTO `user` (`user_name`, `user_email`, `user_password`, `user_date`, `user_phone`, `user_address`, `user_type`, `user_status`) VALUES (\'test\', \'natanael.pasaribu@is-gs.com\', \'natanael12\', \'2023-01-09\', \'081259188983\', \'Indonesia\', \'new\', \'new\')')
 3 SYSTEMPATH\Database\BaseConnection.php(593): CodeIgniter\Database\BaseConnection->simpleQuery('INSERT INTO `user` (`user_name`, `user_email`, `user_password`, `user_date`, `user_phone`, `user_address`, `user_type`, `user_status`) VALUES (\'test\', \'natanael.pasaribu@is-gs.com\', \'natanael12\', \'2023-01-09\', \'081259188983\', \'Indonesia\', \'new\', \'new\')')
 4 SYSTEMPATH\Database\BaseBuilder.php(1916): CodeIgniter\Database\BaseConnection->query('INSERT INTO `user` (`user_name`, `user_email`, `user_password`, `user_date`, `user_phone`, `user_address`, `user_type`, `user_status`) VALUES (:user_name:, :user_email:, :user_password:, :user_date:, :user_phone:, :user_address:, :user_type:, :user_status:)', [...], false)
 5 SYSTEMPATH\Model.php(279): CodeIgniter\Database\BaseBuilder->insert()
 6 SYSTEMPATH\BaseModel.php(749): CodeIgniter\Model->doInsert([...])
 7 SYSTEMPATH\Model.php(667): CodeIgniter\BaseModel->insert([...], true)
 8 APPPATH\Controllers\User.php(115): CodeIgniter\Model->insert([...])
 9 SYSTEMPATH\CodeIgniter.php(927): App\Controllers\User->add()
10 SYSTEMPATH\CodeIgniter.php(482): CodeIgniter\CodeIgniter->runController(Object(App\Controllers\User))
11 SYSTEMPATH\CodeIgniter.php(351): CodeIgniter\CodeIgniter->handleRequest(null, Object(Config\Cache), false)
12 FCPATH\index.php(67): CodeIgniter\CodeIgniter->run()
13 SYSTEMPATH\Commands\Server\rewrite.php(46): require_once('FCPATH\\index.php')
ERROR - 2023-01-08 08:30:32 --> mysqli_sql_exception: Duplicate entry '' for key 'PRIMARY' in D:\XAMPP\htdocs\aplic-dashboard\system\Database\MySQLi\Connection.php:292
Stack trace:
#0 D:\XAMPP\htdocs\aplic-dashboard\system\Database\MySQLi\Connection.php(292): mysqli->query('INSERT INTO `us...', 0)
#1 D:\XAMPP\htdocs\aplic-dashboard\system\Database\BaseConnection.php(666): CodeIgniter\Database\MySQLi\Connection->execute('INSERT INTO `us...')
#2 D:\XAMPP\htdocs\aplic-dashboard\system\Database\BaseConnection.php(593): CodeIgniter\Database\BaseConnection->simpleQuery('INSERT INTO `us...')
#3 D:\XAMPP\htdocs\aplic-dashboard\system\Database\BaseBuilder.php(1916): CodeIgniter\Database\BaseConnection->query('INSERT INTO `us...', Array, false)
#4 D:\XAMPP\htdocs\aplic-dashboard\system\Model.php(279): CodeIgniter\Database\BaseBuilder->insert()
#5 D:\XAMPP\htdocs\aplic-dashboard\system\BaseModel.php(749): CodeIgniter\Model->doInsert(Array)
#6 D:\XAMPP\htdocs\aplic-dashboard\system\Model.php(667): CodeIgniter\BaseModel->insert(Array, true)
#7 D:\XAMPP\htdocs\aplic-dashboard\app\Controllers\User.php(115): CodeIgniter\Model->insert(Array)
#8 D:\XAMPP\htdocs\aplic-dashboard\system\CodeIgniter.php(927): App\Controllers\User->add()
#9 D:\XAMPP\htdocs\aplic-dashboard\system\CodeIgniter.php(482): CodeIgniter\CodeIgniter->runController(Object(App\Controllers\User))
#10 D:\XAMPP\htdocs\aplic-dashboard\system\CodeIgniter.php(351): CodeIgniter\CodeIgniter->handleRequest(NULL, Object(Config\Cache), false)
#11 D:\XAMPP\htdocs\aplic-dashboard\public\index.php(67): CodeIgniter\CodeIgniter->run()
#12 D:\XAMPP\htdocs\aplic-dashboard\system\Commands\Server\rewrite.php(46): require_once('D:\\XAMPP\\htdocs...')
#13 {main}
CRITICAL - 2023-01-08 08:30:32 --> Duplicate entry '' for key 'PRIMARY'
in SYSTEMPATH\Database\MySQLi\Connection.php on line 292.
 1 SYSTEMPATH\Database\MySQLi\Connection.php(292): mysqli->query('INSERT INTO `user` (`user_name`, `user_email`, `user_password`, `user_date`, `user_phone`, `user_address`, `user_type`, `user_status`) VALUES (\'test\', \'natanael.pasaribu@is-gs.com\', \'natanael12\', \'\', \'081259188983\', \'Indonesia\', \'new\', \'test\')', 0)
 2 SYSTEMPATH\Database\BaseConnection.php(666): CodeIgniter\Database\MySQLi\Connection->execute('INSERT INTO `user` (`user_name`, `user_email`, `user_password`, `user_date`, `user_phone`, `user_address`, `user_type`, `user_status`) VALUES (\'test\', \'natanael.pasaribu@is-gs.com\', \'natanael12\', \'\', \'081259188983\', \'Indonesia\', \'new\', \'test\')')
 3 SYSTEMPATH\Database\BaseConnection.php(593): CodeIgniter\Database\BaseConnection->simpleQuery('INSERT INTO `user` (`user_name`, `user_email`, `user_password`, `user_date`, `user_phone`, `user_address`, `user_type`, `user_status`) VALUES (\'test\', \'natanael.pasaribu@is-gs.com\', \'natanael12\', \'\', \'081259188983\', \'Indonesia\', \'new\', \'test\')')
 4 SYSTEMPATH\Database\BaseBuilder.php(1916): CodeIgniter\Database\BaseConnection->query('INSERT INTO `user` (`user_name`, `user_email`, `user_password`, `user_date`, `user_phone`, `user_address`, `user_type`, `user_status`) VALUES (:user_name:, :user_email:, :user_password:, :user_date:, :user_phone:, :user_address:, :user_type:, :user_status:)', [...], false)
 5 SYSTEMPATH\Model.php(279): CodeIgniter\Database\BaseBuilder->insert()
 6 SYSTEMPATH\BaseModel.php(749): CodeIgniter\Model->doInsert([...])
 7 SYSTEMPATH\Model.php(667): CodeIgniter\BaseModel->insert([...], true)
 8 APPPATH\Controllers\User.php(115): CodeIgniter\Model->insert([...])
 9 SYSTEMPATH\CodeIgniter.php(927): App\Controllers\User->add()
10 SYSTEMPATH\CodeIgniter.php(482): CodeIgniter\CodeIgniter->runController(Object(App\Controllers\User))
11 SYSTEMPATH\CodeIgniter.php(351): CodeIgniter\CodeIgniter->handleRequest(null, Object(Config\Cache), false)
12 FCPATH\index.php(67): CodeIgniter\CodeIgniter->run()
13 SYSTEMPATH\Commands\Server\rewrite.php(46): require_once('FCPATH\\index.php')
ERROR - 2023-01-08 08:36:00 --> mysqli_sql_exception: Duplicate entry '' for key 'PRIMARY' in D:\XAMPP\htdocs\aplic-dashboard\system\Database\MySQLi\Connection.php:292
Stack trace:
#0 D:\XAMPP\htdocs\aplic-dashboard\system\Database\MySQLi\Connection.php(292): mysqli->query('INSERT INTO `us...', 0)
#1 D:\XAMPP\htdocs\aplic-dashboard\system\Database\BaseConnection.php(666): CodeIgniter\Database\MySQLi\Connection->execute('INSERT INTO `us...')
#2 D:\XAMPP\htdocs\aplic-dashboard\system\Database\BaseConnection.php(593): CodeIgniter\Database\BaseConnection->simpleQuery('INSERT INTO `us...')
#3 D:\XAMPP\htdocs\aplic-dashboard\system\Database\BaseBuilder.php(1916): CodeIgniter\Database\BaseConnection->query('INSERT INTO `us...', Array, false)
#4 D:\XAMPP\htdocs\aplic-dashboard\system\Model.php(279): CodeIgniter\Database\BaseBuilder->insert()
#5 D:\XAMPP\htdocs\aplic-dashboard\system\BaseModel.php(749): CodeIgniter\Model->doInsert(Array)
#6 D:\XAMPP\htdocs\aplic-dashboard\system\Model.php(667): CodeIgniter\BaseModel->insert(Array, true)
#7 D:\XAMPP\htdocs\aplic-dashboard\app\Controllers\User.php(110): CodeIgniter\Model->insert(Array)
#8 D:\XAMPP\htdocs\aplic-dashboard\system\CodeIgniter.php(927): App\Controllers\User->add()
#9 D:\XAMPP\htdocs\aplic-dashboard\system\CodeIgniter.php(482): CodeIgniter\CodeIgniter->runController(Object(App\Controllers\User))
#10 D:\XAMPP\htdocs\aplic-dashboard\system\CodeIgniter.php(351): CodeIgniter\CodeIgniter->handleRequest(NULL, Object(Config\Cache), false)
#11 D:\XAMPP\htdocs\aplic-dashboard\public\index.php(67): CodeIgniter\CodeIgniter->run()
#12 D:\XAMPP\htdocs\aplic-dashboard\system\Commands\Server\rewrite.php(46): require_once('D:\\XAMPP\\htdocs...')
#13 {main}
CRITICAL - 2023-01-08 08:36:00 --> Duplicate entry '' for key 'PRIMARY'
in SYSTEMPATH\Database\MySQLi\Connection.php on line 292.
 1 SYSTEMPATH\Database\MySQLi\Connection.php(292): mysqli->query('INSERT INTO `user` (`user_name`, `user_email`, `user_password`, `user_date`, `user_phone`, `user_address`, `user_type`, `user_status`) VALUES (\'natanaelcsrio\', \'natanael.pasaribu@is-gs.com\', \'natanael12\', NULL, \'081259188983\', \'Indonesia\', NULL, NULL)', 0)
 2 SYSTEMPATH\Database\BaseConnection.php(666): CodeIgniter\Database\MySQLi\Connection->execute('INSERT INTO `user` (`user_name`, `user_email`, `user_password`, `user_date`, `user_phone`, `user_address`, `user_type`, `user_status`) VALUES (\'natanaelcsrio\', \'natanael.pasaribu@is-gs.com\', \'natanael12\', NULL, \'081259188983\', \'Indonesia\', NULL, NULL)')
 3 SYSTEMPATH\Database\BaseConnection.php(593): CodeIgniter\Database\BaseConnection->simpleQuery('INSERT INTO `user` (`user_name`, `user_email`, `user_password`, `user_date`, `user_phone`, `user_address`, `user_type`, `user_status`) VALUES (\'natanaelcsrio\', \'natanael.pasaribu@is-gs.com\', \'natanael12\', NULL, \'081259188983\', \'Indonesia\', NULL, NULL)')
 4 SYSTEMPATH\Database\BaseBuilder.php(1916): CodeIgniter\Database\BaseConnection->query('INSERT INTO `user` (`user_name`, `user_email`, `user_password`, `user_date`, `user_phone`, `user_address`, `user_type`, `user_status`) VALUES (:user_name:, :user_email:, :user_password:, :user_date:, :user_phone:, :user_address:, :user_type:, :user_status:)', [...], false)
 5 SYSTEMPATH\Model.php(279): CodeIgniter\Database\BaseBuilder->insert()
 6 SYSTEMPATH\BaseModel.php(749): CodeIgniter\Model->doInsert([...])
 7 SYSTEMPATH\Model.php(667): CodeIgniter\BaseModel->insert([...], true)
 8 APPPATH\Controllers\User.php(110): CodeIgniter\Model->insert([...])
 9 SYSTEMPATH\CodeIgniter.php(927): App\Controllers\User->add()
10 SYSTEMPATH\CodeIgniter.php(482): CodeIgniter\CodeIgniter->runController(Object(App\Controllers\User))
11 SYSTEMPATH\CodeIgniter.php(351): CodeIgniter\CodeIgniter->handleRequest(null, Object(Config\Cache), false)
12 FCPATH\index.php(67): CodeIgniter\CodeIgniter->run()
13 SYSTEMPATH\Commands\Server\rewrite.php(46): require_once('FCPATH\\index.php')
CRITICAL - 2023-01-08 21:30:41 --> Invalid file: user.php
in SYSTEMPATH\Exceptions\FrameworkException.php on line 33.
 1 SYSTEMPATH\View\View.php(201): CodeIgniter\Exceptions\FrameworkException::forInvalidFile('user.php')
 2 SYSTEMPATH\Common.php(1134): CodeIgniter\View\View->render('user', [], true)
 3 APPPATH\Controllers\User.php(31): view('user', [...])
 4 SYSTEMPATH\CodeIgniter.php(927): App\Controllers\User->index()
 5 SYSTEMPATH\CodeIgniter.php(482): CodeIgniter\CodeIgniter->runController(Object(App\Controllers\User))
 6 SYSTEMPATH\CodeIgniter.php(351): CodeIgniter\CodeIgniter->handleRequest(null, Object(Config\Cache), false)
 7 FCPATH\index.php(67): CodeIgniter\CodeIgniter->run()
 8 SYSTEMPATH\Commands\Server\rewrite.php(46): require_once('FCPATH\\index.php')
CRITICAL - 2023-01-08 22:11:09 --> Invalid file: componenets/layout.php
in SYSTEMPATH\Exceptions\FrameworkException.php on line 33.
 1 SYSTEMPATH\View\View.php(201): CodeIgniter\Exceptions\FrameworkException::forInvalidFile('componenets/layout.php')
 2 SYSTEMPATH\View\View.php(229): CodeIgniter\View\View->render('componenets/layout', [], true)
 3 SYSTEMPATH\Common.php(1134): CodeIgniter\View\View->render('pages\\home', [], true)
 4 APPPATH\Controllers\Home.php(16): view('pages\\home', [...])
 5 SYSTEMPATH\CodeIgniter.php(927): App\Controllers\Home->index()
 6 SYSTEMPATH\CodeIgniter.php(482): CodeIgniter\CodeIgniter->runController(Object(App\Controllers\Home))
 7 SYSTEMPATH\CodeIgniter.php(351): CodeIgniter\CodeIgniter->handleRequest(null, Object(Config\Cache), false)
 8 FCPATH\index.php(67): CodeIgniter\CodeIgniter->run()
 9 SYSTEMPATH\Commands\Server\rewrite.php(46): require_once('FCPATH\\index.php')
